
===========================================================================
report_checks -path_delay max (Setup)
============================================================================
======================= Typical Corner ===================================

Startpoint: sel[0] (input port clocked by __VIRTUAL_CLK__)
Endpoint: y[7] (output port clocked by __VIRTUAL_CLK__)
Path Group: __VIRTUAL_CLK__
Path Type: max

Fanout     Cap    Slew   Delay    Time   Description
-----------------------------------------------------------------------------
                  0.00    0.00    0.00   clock __VIRTUAL_CLK__ (rise edge)
                          0.00    0.00   clock network delay (ideal)
                          2.00    2.00 ^ input external delay
                  0.09    0.07    2.07 ^ sel[0] (in)
     5    0.02                           sel[0] (net)
                  0.09    0.00    2.07 ^ _101_/C_N (sky130_fd_sc_hd__or3b_2)
                  0.07    0.46    2.53 v _101_/X (sky130_fd_sc_hd__or3b_2)
     1    0.00                           _033_ (net)
                  0.07    0.00    2.53 v _102_/A (sky130_fd_sc_hd__buf_1)
                  0.16    0.22    2.74 v _102_/X (sky130_fd_sc_hd__buf_1)
     8    0.03                           _034_ (net)
                  0.16    0.00    2.74 v _129_/B1 (sky130_fd_sc_hd__o21a_2)
                  0.05    0.20    2.94 v _129_/X (sky130_fd_sc_hd__o21a_2)
     2    0.01                           _059_ (net)
                  0.05    0.00    2.94 v _142_/B1 (sky130_fd_sc_hd__a21o_2)
                  0.05    0.21    3.15 v _142_/X (sky130_fd_sc_hd__a21o_2)
     1    0.01                           _071_ (net)
                  0.05    0.00    3.15 v _143_/B (sky130_fd_sc_hd__xor2_2)
                  0.07    0.16    3.32 v _143_/X (sky130_fd_sc_hd__xor2_2)
     2    0.01                           _072_ (net)
                  0.07    0.00    3.32 v _154_/B (sky130_fd_sc_hd__or2_2)
                  0.07    0.32    3.64 v _154_/X (sky130_fd_sc_hd__or2_2)
     3    0.01                           _082_ (net)
                  0.07    0.00    3.64 v _169_/A (sky130_fd_sc_hd__and2_2)
                  0.04    0.19    3.83 v _169_/X (sky130_fd_sc_hd__and2_2)
     2    0.00                           _003_ (net)
                  0.04    0.00    3.83 v _175_/A2 (sky130_fd_sc_hd__a211o_2)
                  0.07    0.37    4.20 v _175_/X (sky130_fd_sc_hd__a211o_2)
     3    0.01                           _009_ (net)
                  0.07    0.00    4.20 v _189_/A2 (sky130_fd_sc_hd__a311o_2)
                  0.06    0.39    4.59 v _189_/X (sky130_fd_sc_hd__a311o_2)
     1    0.00                           _022_ (net)
                  0.06    0.00    4.59 v _193_/A2 (sky130_fd_sc_hd__o21ai_2)
                  0.40    0.36    4.95 ^ _193_/Y (sky130_fd_sc_hd__o21ai_2)
     1    0.03                           y[7] (net)
                  0.40    0.00    4.95 ^ y[7] (out)
                                  4.95   data arrival time

                  0.00   10.00   10.00   clock __VIRTUAL_CLK__ (rise edge)
                          0.00   10.00   clock network delay (ideal)
                         -0.25    9.75   clock uncertainty
                          0.00    9.75   clock reconvergence pessimism
                         -2.00    7.75   output external delay
                                  7.75   data required time
-----------------------------------------------------------------------------
                                  7.75   data required time
                                 -4.95   data arrival time
-----------------------------------------------------------------------------
                                  2.80   slack (MET)


Startpoint: sel[0] (input port clocked by __VIRTUAL_CLK__)
Endpoint: y[6] (output port clocked by __VIRTUAL_CLK__)
Path Group: __VIRTUAL_CLK__
Path Type: max

Fanout     Cap    Slew   Delay    Time   Description
-----------------------------------------------------------------------------
                  0.00    0.00    0.00   clock __VIRTUAL_CLK__ (rise edge)
                          0.00    0.00   clock network delay (ideal)
                          2.00    2.00 ^ input external delay
                  0.09    0.07    2.07 ^ sel[0] (in)
     5    0.02                           sel[0] (net)
                  0.09    0.00    2.07 ^ _101_/C_N (sky130_fd_sc_hd__or3b_2)
                  0.07    0.46    2.53 v _101_/X (sky130_fd_sc_hd__or3b_2)
     1    0.00                           _033_ (net)
                  0.07    0.00    2.53 v _102_/A (sky130_fd_sc_hd__buf_1)
                  0.16    0.22    2.74 v _102_/X (sky130_fd_sc_hd__buf_1)
     8    0.03                           _034_ (net)
                  0.16    0.00    2.74 v _129_/B1 (sky130_fd_sc_hd__o21a_2)
                  0.05    0.20    2.94 v _129_/X (sky130_fd_sc_hd__o21a_2)
     2    0.01                           _059_ (net)
                  0.05    0.00    2.94 v _142_/B1 (sky130_fd_sc_hd__a21o_2)
                  0.05    0.21    3.15 v _142_/X (sky130_fd_sc_hd__a21o_2)
     1    0.01                           _071_ (net)
                  0.05    0.00    3.15 v _143_/B (sky130_fd_sc_hd__xor2_2)
                  0.07    0.16    3.32 v _143_/X (sky130_fd_sc_hd__xor2_2)
     2    0.01                           _072_ (net)
                  0.07    0.00    3.32 v _154_/B (sky130_fd_sc_hd__or2_2)
                  0.07    0.32    3.64 v _154_/X (sky130_fd_sc_hd__or2_2)
     3    0.01                           _082_ (net)
                  0.07    0.00    3.64 v _169_/A (sky130_fd_sc_hd__and2_2)
                  0.04    0.19    3.83 v _169_/X (sky130_fd_sc_hd__and2_2)
     2    0.00                           _003_ (net)
                  0.04    0.00    3.83 v _175_/A2 (sky130_fd_sc_hd__a211o_2)
                  0.07    0.37    4.20 v _175_/X (sky130_fd_sc_hd__a211o_2)
     3    0.01                           _009_ (net)
                  0.07    0.00    4.20 v _182_/A2 (sky130_fd_sc_hd__a31o_2)
                  0.11    0.34    4.54 v _182_/X (sky130_fd_sc_hd__a31o_2)
     1    0.04                           y[6] (net)
                  0.11    0.00    4.55 v y[6] (out)
                                  4.55   data arrival time

                  0.00   10.00   10.00   clock __VIRTUAL_CLK__ (rise edge)
                          0.00   10.00   clock network delay (ideal)
                         -0.25    9.75   clock uncertainty
                          0.00    9.75   clock reconvergence pessimism
                         -2.00    7.75   output external delay
                                  7.75   data required time
-----------------------------------------------------------------------------
                                  7.75   data required time
                                 -4.55   data arrival time
-----------------------------------------------------------------------------
                                  3.20   slack (MET)


Startpoint: sel[0] (input port clocked by __VIRTUAL_CLK__)
Endpoint: y[4] (output port clocked by __VIRTUAL_CLK__)
Path Group: __VIRTUAL_CLK__
Path Type: max

Fanout     Cap    Slew   Delay    Time   Description
-----------------------------------------------------------------------------
                  0.00    0.00    0.00   clock __VIRTUAL_CLK__ (rise edge)
                          0.00    0.00   clock network delay (ideal)
                          2.00    2.00 ^ input external delay
                  0.09    0.07    2.07 ^ sel[0] (in)
     5    0.02                           sel[0] (net)
                  0.09    0.00    2.07 ^ _101_/C_N (sky130_fd_sc_hd__or3b_2)
                  0.07    0.46    2.53 v _101_/X (sky130_fd_sc_hd__or3b_2)
     1    0.00                           _033_ (net)
                  0.07    0.00    2.53 v _102_/A (sky130_fd_sc_hd__buf_1)
                  0.16    0.22    2.74 v _102_/X (sky130_fd_sc_hd__buf_1)
     8    0.03                           _034_ (net)
                  0.16    0.00    2.74 v _103_/A2 (sky130_fd_sc_hd__a21bo_2)
                  0.04    0.27    3.01 v _103_/X (sky130_fd_sc_hd__a21bo_2)
     2    0.00                           _035_ (net)
                  0.04    0.00    3.01 v _106_/A1 (sky130_fd_sc_hd__a21o_2)
                  0.04    0.20    3.21 v _106_/X (sky130_fd_sc_hd__a21o_2)
     2    0.01                           _038_ (net)
                  0.04    0.00    3.21 v _117_/A1 (sky130_fd_sc_hd__a21oi_2)
                  0.13    0.15    3.37 ^ _117_/Y (sky130_fd_sc_hd__a21oi_2)
     2    0.01                           _048_ (net)
                  0.13    0.00    3.37 ^ _122_/A (sky130_fd_sc_hd__nor2_2)
                  0.06    0.09    3.46 v _122_/Y (sky130_fd_sc_hd__nor2_2)
     4    0.02                           _053_ (net)
                  0.06    0.00    3.46 v _146_/A1 (sky130_fd_sc_hd__o21a_2)
                  0.03    0.21    3.67 v _146_/X (sky130_fd_sc_hd__o21a_2)
     1    0.00                           _075_ (net)
                  0.03    0.00    3.67 v _147_/B (sky130_fd_sc_hd__or2_2)
                  0.05    0.27    3.94 v _147_/X (sky130_fd_sc_hd__or2_2)
     1    0.00                           _076_ (net)
                  0.05    0.00    3.94 v _152_/A3 (sky130_fd_sc_hd__a31o_2)
                  0.11    0.35    4.29 v _152_/X (sky130_fd_sc_hd__a31o_2)
     1    0.04                           y[4] (net)
                  0.11    0.00    4.29 v y[4] (out)
                                  4.29   data arrival time

                  0.00   10.00   10.00   clock __VIRTUAL_CLK__ (rise edge)
                          0.00   10.00   clock network delay (ideal)
                         -0.25    9.75   clock uncertainty
                          0.00    9.75   clock reconvergence pessimism
                         -2.00    7.75   output external delay
                                  7.75   data required time
-----------------------------------------------------------------------------
                                  7.75   data required time
                                 -4.29   data arrival time
-----------------------------------------------------------------------------
                                  3.46   slack (MET)


Startpoint: sel[0] (input port clocked by __VIRTUAL_CLK__)
Endpoint: y[3] (output port clocked by __VIRTUAL_CLK__)
Path Group: __VIRTUAL_CLK__
Path Type: max

Fanout     Cap    Slew   Delay    Time   Description
-----------------------------------------------------------------------------
                  0.00    0.00    0.00   clock __VIRTUAL_CLK__ (rise edge)
                          0.00    0.00   clock network delay (ideal)
                          2.00    2.00 ^ input external delay
                  0.09    0.07    2.07 ^ sel[0] (in)
     5    0.02                           sel[0] (net)
                  0.09    0.00    2.07 ^ _101_/C_N (sky130_fd_sc_hd__or3b_2)
                  0.07    0.46    2.53 v _101_/X (sky130_fd_sc_hd__or3b_2)
     1    0.00                           _033_ (net)
                  0.07    0.00    2.53 v _102_/A (sky130_fd_sc_hd__buf_1)
                  0.16    0.22    2.74 v _102_/X (sky130_fd_sc_hd__buf_1)
     8    0.03                           _034_ (net)
                  0.16    0.00    2.74 v _103_/A2 (sky130_fd_sc_hd__a21bo_2)
                  0.04    0.27    3.01 v _103_/X (sky130_fd_sc_hd__a21bo_2)
     2    0.00                           _035_ (net)
                  0.04    0.00    3.01 v _106_/A1 (sky130_fd_sc_hd__a21o_2)
                  0.04    0.20    3.21 v _106_/X (sky130_fd_sc_hd__a21o_2)
     2    0.01                           _038_ (net)
                  0.04    0.00    3.21 v _117_/A1 (sky130_fd_sc_hd__a21oi_2)
                  0.13    0.15    3.37 ^ _117_/Y (sky130_fd_sc_hd__a21oi_2)
     2    0.01                           _048_ (net)
                  0.13    0.00    3.37 ^ _122_/A (sky130_fd_sc_hd__nor2_2)
                  0.06    0.09    3.46 v _122_/Y (sky130_fd_sc_hd__nor2_2)
     4    0.02                           _053_ (net)
                  0.06    0.00    3.46 v _134_/B1 (sky130_fd_sc_hd__a21o_2)
                  0.05    0.21    3.67 v _134_/X (sky130_fd_sc_hd__a21o_2)
     1    0.01                           _064_ (net)
                  0.05    0.00    3.67 v _135_/B (sky130_fd_sc_hd__xnor2_2)
                  0.04    0.12    3.80 v _135_/Y (sky130_fd_sc_hd__xnor2_2)
     1    0.00                           _065_ (net)
                  0.04    0.00    3.80 v _140_/A2 (sky130_fd_sc_hd__a211o_2)
                  0.13    0.45    4.24 v _140_/X (sky130_fd_sc_hd__a211o_2)
     1    0.04                           y[3] (net)
                  0.13    0.00    4.24 v y[3] (out)
                                  4.24   data arrival time

                  0.00   10.00   10.00   clock __VIRTUAL_CLK__ (rise edge)
                          0.00   10.00   clock network delay (ideal)
                         -0.25    9.75   clock uncertainty
                          0.00    9.75   clock reconvergence pessimism
                         -2.00    7.75   output external delay
                                  7.75   data required time
-----------------------------------------------------------------------------
                                  7.75   data required time
                                 -4.24   data arrival time
-----------------------------------------------------------------------------
                                  3.51   slack (MET)


Startpoint: sel[0] (input port clocked by __VIRTUAL_CLK__)
Endpoint: y[5] (output port clocked by __VIRTUAL_CLK__)
Path Group: __VIRTUAL_CLK__
Path Type: max

Fanout     Cap    Slew   Delay    Time   Description
-----------------------------------------------------------------------------
                  0.00    0.00    0.00   clock __VIRTUAL_CLK__ (rise edge)
                          0.00    0.00   clock network delay (ideal)
                          2.00    2.00 ^ input external delay
                  0.09    0.07    2.07 ^ sel[0] (in)
     5    0.02                           sel[0] (net)
                  0.09    0.00    2.07 ^ _101_/C_N (sky130_fd_sc_hd__or3b_2)
                  0.07    0.46    2.53 v _101_/X (sky130_fd_sc_hd__or3b_2)
     1    0.00                           _033_ (net)
                  0.07    0.00    2.53 v _102_/A (sky130_fd_sc_hd__buf_1)
                  0.16    0.22    2.74 v _102_/X (sky130_fd_sc_hd__buf_1)
     8    0.03                           _034_ (net)
                  0.16    0.00    2.74 v _129_/B1 (sky130_fd_sc_hd__o21a_2)
                  0.05    0.20    2.94 v _129_/X (sky130_fd_sc_hd__o21a_2)
     2    0.01                           _059_ (net)
                  0.05    0.00    2.94 v _142_/B1 (sky130_fd_sc_hd__a21o_2)
                  0.05    0.21    3.15 v _142_/X (sky130_fd_sc_hd__a21o_2)
     1    0.01                           _071_ (net)
                  0.05    0.00    3.15 v _143_/B (sky130_fd_sc_hd__xor2_2)
                  0.17    0.18    3.33 ^ _143_/X (sky130_fd_sc_hd__xor2_2)
     2    0.01                           _072_ (net)
                  0.17    0.00    3.33 ^ _144_/B (sky130_fd_sc_hd__xnor2_2)
                  0.14    0.14    3.48 ^ _144_/Y (sky130_fd_sc_hd__xnor2_2)
     2    0.01                           _073_ (net)
                  0.14    0.00    3.48 ^ _145_/B1 (sky130_fd_sc_hd__o211ai_2)
                  0.12    0.16    3.64 v _145_/Y (sky130_fd_sc_hd__o211ai_2)
     5    0.01                           _074_ (net)
                  0.12    0.00    3.64 v _162_/A2 (sky130_fd_sc_hd__a21o_2)
                  0.03    0.24    3.88 v _162_/X (sky130_fd_sc_hd__a21o_2)
     1    0.00                           _090_ (net)
                  0.03    0.00    3.88 v _168_/A2 (sky130_fd_sc_hd__a31o_2)
                  0.11    0.32    4.20 v _168_/X (sky130_fd_sc_hd__a31o_2)
     1    0.03                           y[5] (net)
                  0.11    0.00    4.20 v y[5] (out)
                                  4.20   data arrival time

                  0.00   10.00   10.00   clock __VIRTUAL_CLK__ (rise edge)
                          0.00   10.00   clock network delay (ideal)
                         -0.25    9.75   clock uncertainty
                          0.00    9.75   clock reconvergence pessimism
                         -2.00    7.75   output external delay
                                  7.75   data required time
-----------------------------------------------------------------------------
                                  7.75   data required time
                                 -4.20   data arrival time
-----------------------------------------------------------------------------
                                  3.55   slack (MET)


Startpoint: sel[0] (input port clocked by __VIRTUAL_CLK__)
Endpoint: y[1] (output port clocked by __VIRTUAL_CLK__)
Path Group: __VIRTUAL_CLK__
Path Type: max

Fanout     Cap    Slew   Delay    Time   Description
-----------------------------------------------------------------------------
                  0.00    0.00    0.00   clock __VIRTUAL_CLK__ (rise edge)
                          0.00    0.00   clock network delay (ideal)
                          2.00    2.00 ^ input external delay
                  0.09    0.07    2.07 ^ sel[0] (in)
     5    0.02                           sel[0] (net)
                  0.09    0.00    2.07 ^ _101_/C_N (sky130_fd_sc_hd__or3b_2)
                  0.07    0.46    2.53 v _101_/X (sky130_fd_sc_hd__or3b_2)
     1    0.00                           _033_ (net)
                  0.07    0.00    2.53 v _102_/A (sky130_fd_sc_hd__buf_1)
                  0.16    0.22    2.74 v _102_/X (sky130_fd_sc_hd__buf_1)
     8    0.03                           _034_ (net)
                  0.16    0.00    2.74 v _103_/A2 (sky130_fd_sc_hd__a21bo_2)
                  0.04    0.27    3.01 v _103_/X (sky130_fd_sc_hd__a21bo_2)
     2    0.00                           _035_ (net)
                  0.04    0.00    3.01 v _105_/B (sky130_fd_sc_hd__and3_2)
                  0.05    0.21    3.22 v _105_/X (sky130_fd_sc_hd__and3_2)
     2    0.01                           _037_ (net)
                  0.05    0.00    3.22 v _107_/A (sky130_fd_sc_hd__or2b_2)
                  0.07    0.32    3.55 v _107_/X (sky130_fd_sc_hd__or2b_2)
     1    0.01                           _039_ (net)
                  0.07    0.00    3.55 v _109_/A (sky130_fd_sc_hd__xnor2_2)
                  0.04    0.14    3.69 v _109_/Y (sky130_fd_sc_hd__xnor2_2)
     1    0.00                           _041_ (net)
                  0.04    0.00    3.69 v _116_/A2 (sky130_fd_sc_hd__a211o_2)
                  0.13    0.44    4.13 v _116_/X (sky130_fd_sc_hd__a211o_2)
     1    0.03                           y[1] (net)
                  0.13    0.00    4.13 v y[1] (out)
                                  4.13   data arrival time

                  0.00   10.00   10.00   clock __VIRTUAL_CLK__ (rise edge)
                          0.00   10.00   clock network delay (ideal)
                         -0.25    9.75   clock uncertainty
                          0.00    9.75   clock reconvergence pessimism
                         -2.00    7.75   output external delay
                                  7.75   data required time
-----------------------------------------------------------------------------
                                  7.75   data required time
                                 -4.13   data arrival time
-----------------------------------------------------------------------------
                                  3.62   slack (MET)


Startpoint: sel[0] (input port clocked by __VIRTUAL_CLK__)
Endpoint: y[2] (output port clocked by __VIRTUAL_CLK__)
Path Group: __VIRTUAL_CLK__
Path Type: max

Fanout     Cap    Slew   Delay    Time   Description
-----------------------------------------------------------------------------
                  0.00    0.00    0.00   clock __VIRTUAL_CLK__ (rise edge)
                          0.00    0.00   clock network delay (ideal)
                          2.00    2.00 ^ input external delay
                  0.09    0.07    2.07 ^ sel[0] (in)
     5    0.02                           sel[0] (net)
                  0.09    0.00    2.07 ^ _101_/C_N (sky130_fd_sc_hd__or3b_2)
                  0.07    0.46    2.53 v _101_/X (sky130_fd_sc_hd__or3b_2)
     1    0.00                           _033_ (net)
                  0.07    0.00    2.53 v _102_/A (sky130_fd_sc_hd__buf_1)
                  0.16    0.22    2.74 v _102_/X (sky130_fd_sc_hd__buf_1)
     8    0.03                           _034_ (net)
                  0.16    0.00    2.74 v _103_/A2 (sky130_fd_sc_hd__a21bo_2)
                  0.04    0.27    3.01 v _103_/X (sky130_fd_sc_hd__a21bo_2)
     2    0.00                           _035_ (net)
                  0.04    0.00    3.01 v _106_/A1 (sky130_fd_sc_hd__a21o_2)
                  0.04    0.20    3.21 v _106_/X (sky130_fd_sc_hd__a21o_2)
     2    0.01                           _038_ (net)
                  0.04    0.00    3.21 v _117_/A1 (sky130_fd_sc_hd__a21oi_2)
                  0.13    0.15    3.37 ^ _117_/Y (sky130_fd_sc_hd__a21oi_2)
     2    0.01                           _048_ (net)
                  0.13    0.00    3.37 ^ _122_/A (sky130_fd_sc_hd__nor2_2)
                  0.06    0.09    3.46 v _122_/Y (sky130_fd_sc_hd__nor2_2)
     4    0.02                           _053_ (net)
                  0.06    0.00    3.46 v _128_/A1 (sky130_fd_sc_hd__o21bai_2)
                  0.40    0.38    3.84 ^ _128_/Y (sky130_fd_sc_hd__o21bai_2)
     1    0.03                           y[2] (net)
                  0.40    0.00    3.84 ^ y[2] (out)
                                  3.84   data arrival time

                  0.00   10.00   10.00   clock __VIRTUAL_CLK__ (rise edge)
                          0.00   10.00   clock network delay (ideal)
                         -0.25    9.75   clock uncertainty
                          0.00    9.75   clock reconvergence pessimism
                         -2.00    7.75   output external delay
                                  7.75   data required time
-----------------------------------------------------------------------------
                                  7.75   data required time
                                 -3.84   data arrival time
-----------------------------------------------------------------------------
                                  3.91   slack (MET)


Startpoint: sel[1] (input port clocked by __VIRTUAL_CLK__)
Endpoint: y[0] (output port clocked by __VIRTUAL_CLK__)
Path Group: __VIRTUAL_CLK__
Path Type: max

Fanout     Cap    Slew   Delay    Time   Description
-----------------------------------------------------------------------------
                  0.00    0.00    0.00   clock __VIRTUAL_CLK__ (rise edge)
                          0.00    0.00   clock network delay (ideal)
                          2.00    2.00 v input external delay
                  0.04    0.03    2.03 v sel[1] (in)
     7    0.02                           sel[1] (net)
                  0.04    0.00    2.03 v _093_/B_N (sky130_fd_sc_hd__nor2b_2)
                  0.09    0.22    2.25 v _093_/Y (sky130_fd_sc_hd__nor2b_2)
     9    0.03                           _026_ (net)
                  0.09    0.00    2.25 v _094_/B (sky130_fd_sc_hd__and2_2)
                  0.08    0.27    2.52 v _094_/X (sky130_fd_sc_hd__and2_2)
     8    0.02                           _027_ (net)
                  0.08    0.00    2.52 v _096_/B1 (sky130_fd_sc_hd__o22a_2)
                  0.03    0.21    2.74 v _096_/X (sky130_fd_sc_hd__o22a_2)
     1    0.00                           _029_ (net)
                  0.03    0.00    2.74 v _099_/B1 (sky130_fd_sc_hd__a311o_2)
                  0.13    0.47    3.21 v _099_/X (sky130_fd_sc_hd__a311o_2)
     1    0.03                           y[0] (net)
                  0.13    0.00    3.21 v y[0] (out)
                                  3.21   data arrival time

                  0.00   10.00   10.00   clock __VIRTUAL_CLK__ (rise edge)
                          0.00   10.00   clock network delay (ideal)
                         -0.25    9.75   clock uncertainty
                          0.00    9.75   clock reconvergence pessimism
                         -2.00    7.75   output external delay
                                  7.75   data required time
-----------------------------------------------------------------------------
                                  7.75   data required time
                                 -3.21   data arrival time
-----------------------------------------------------------------------------
                                  4.54   slack (MET)



