
===========================================================================
report_checks -unconstrained
===========================================================================
======================= Typical Corner ===================================

Startpoint: sel[2] (input port clocked by __VIRTUAL_CLK__)
Endpoint: y[7] (output port clocked by __VIRTUAL_CLK__)
Path Group: __VIRTUAL_CLK__
Path Type: max

Fanout     Cap    Slew   Delay    Time   Description
-----------------------------------------------------------------------------
                  0.00    0.00    0.00   clock __VIRTUAL_CLK__ (rise edge)
                          0.00    0.00   clock network delay (ideal)
                          2.00    2.00 v input external delay
                  0.01    0.00    2.00 v sel[2] (in)
     1    0.00                           sel[2] (net)
                  0.01    0.00    2.00 v input19/A (sky130_fd_sc_hd__clkbuf_4)
                  0.07    0.16    2.17 v input19/X (sky130_fd_sc_hd__clkbuf_4)
     7    0.03                           net19 (net)
                  0.07    0.00    2.17 v _101_/A (sky130_fd_sc_hd__or3b_1)
                  0.06    0.38    2.55 v _101_/X (sky130_fd_sc_hd__or3b_1)
     1    0.00                           _033_ (net)
                  0.06    0.00    2.55 v _102_/A (sky130_fd_sc_hd__buf_2)
                  0.06    0.16    2.71 v _102_/X (sky130_fd_sc_hd__buf_2)
     8    0.02                           _034_ (net)
                  0.06    0.00    2.71 v _129_/B1 (sky130_fd_sc_hd__o21a_1)
                  0.05    0.13    2.84 v _129_/X (sky130_fd_sc_hd__o21a_1)
     2    0.01                           _059_ (net)
                  0.05    0.00    2.84 v _142_/B1 (sky130_fd_sc_hd__a21o_1)
                  0.06    0.18    3.02 v _142_/X (sky130_fd_sc_hd__a21o_1)
     1    0.01                           _071_ (net)
                  0.06    0.00    3.02 v _143_/B (sky130_fd_sc_hd__xor2_2)
                  0.07    0.17    3.19 v _143_/X (sky130_fd_sc_hd__xor2_2)
     2    0.01                           _072_ (net)
                  0.07    0.00    3.19 v _154_/B (sky130_fd_sc_hd__or2_1)
                  0.06    0.24    3.43 v _154_/X (sky130_fd_sc_hd__or2_1)
     3    0.01                           _082_ (net)
                  0.06    0.00    3.43 v _169_/A (sky130_fd_sc_hd__and2_1)
                  0.04    0.16    3.59 v _169_/X (sky130_fd_sc_hd__and2_1)
     2    0.00                           _003_ (net)
                  0.04    0.00    3.59 v _175_/A2 (sky130_fd_sc_hd__a211o_1)
                  0.07    0.32    3.91 v _175_/X (sky130_fd_sc_hd__a211o_1)
     3    0.01                           _009_ (net)
                  0.07    0.00    3.91 v _189_/A2 (sky130_fd_sc_hd__a311o_1)
                  0.05    0.32    4.23 v _189_/X (sky130_fd_sc_hd__a311o_1)
     1    0.00                           _022_ (net)
                  0.05    0.00    4.23 v _193_/A2 (sky130_fd_sc_hd__o21ai_1)
                  0.08    0.10    4.34 ^ _193_/Y (sky130_fd_sc_hd__o21ai_1)
     1    0.00                           net27 (net)
                  0.08    0.00    4.34 ^ output27/A (sky130_fd_sc_hd__buf_2)
                  0.17    0.22    4.56 ^ output27/X (sky130_fd_sc_hd__buf_2)
     1    0.03                           y[7] (net)
                  0.17    0.00    4.56 ^ y[7] (out)
                                  4.56   data arrival time

                  0.00   10.00   10.00   clock __VIRTUAL_CLK__ (rise edge)
                          0.00   10.00   clock network delay (ideal)
                         -0.25    9.75   clock uncertainty
                          0.00    9.75   clock reconvergence pessimism
                         -2.00    7.75   output external delay
                                  7.75   data required time
-----------------------------------------------------------------------------
                                  7.75   data required time
                                 -4.56   data arrival time
-----------------------------------------------------------------------------
                                  3.19   slack (MET)




===========================================================================
report_checks --slack_max -0.01
============================================================================
======================= Typical Corner ===================================

No paths found.


===========================================================================
 report_check_types -max_slew -max_cap -max_fanout -violators
============================================================================
======================= Typical Corner ===================================



===========================================================================
report_parasitic_annotation -report_unannotated
============================================================================
Found 147 unannotated drivers.
 a[0]
 a[1]
 a[2]
 a[3]
 a[4]
 a[5]
 a[6]
 a[7]
 b[0]
 b[1]
 b[2]
 b[3]
 b[4]
 b[5]
 b[6]
 b[7]
 sel[0]
 sel[1]
 sel[2]
 _093_/Y
 _094_/X
 _095_/Y
 _096_/X
 _097_/Y
 _098_/Y
 _099_/X
 _100_/Y
 _101_/X
 _102_/X
 _103_/X
 _104_/Y
 _105_/X
 _106_/X
 _107_/X
 _108_/X
 _109_/Y
 _110_/X
 _111_/X
 _112_/Y
 _113_/X
 _114_/Y
 _115_/X
 _116_/X
 _117_/Y
 _118_/X
 _119_/Y
 _120_/X
 _121_/Y
 _122_/Y
 _123_/X
 _124_/Y
 _125_/X
 _126_/Y
 _127_/X
 _128_/Y
 _129_/X
 _130_/Y
 _131_/Y
 _132_/X
 _133_/Y
 _134_/X
 _135_/Y
 _136_/Y
 _137_/X
 _138_/Y
 _139_/X
 _140_/X
 _141_/X
 _142_/X
 _143_/X
 _144_/Y
 _145_/Y
 _146_/X
 _147_/X
 _148_/Y
 _149_/X
 _150_/Y
 _151_/X
 _152_/X
 _153_/Y
 _154_/X
 _155_/Y
 _156_/X
 _157_/X
 _158_/X
 _159_/X
 _160_/Y
 _161_/Y
 _162_/X
 _163_/Y
 _164_/Y
 _165_/Y
 _166_/X
 _167_/X
 _168_/X
 _169_/X
 _170_/Y
 _171_/Y
 _172_/X
 _173_/X
 _174_/Y
 _175_/X
 _176_/X
 _177_/Y
 _178_/Y
 _179_/X
 _180_/Y
 _181_/X
 _182_/X
 _183_/X
 _184_/X
 _185_/Y
 _186_/X
 _187_/Y
 _188_/Y
 _189_/X
 _190_/X
 _191_/Y
 _192_/X
 _193_/Y
 input1/X
 input10/X
 input11/X
 input12/X
 input13/X
 input14/X
 input15/X
 input16/X
 input17/X
 input18/X
 input19/X
 input2/X
 input3/X
 input4/X
 input5/X
 input6/X
 input7/X
 input8/X
 input9/X
 output20/X
 output21/X
 output22/X
 output23/X
 output24/X
 output25/X
 output26/X
 output27/X
Found 0 partially unannotated drivers.

===========================================================================
max slew violation count 0
max fanout violation count 0
max cap violation count 0
============================================================================

===========================================================================
check_setup -verbose -unconstrained_endpoints -multiple_clock -no_clock -no_input_delay -loops -generated_clocks
===========================================================================
