OpenROAD 41a51eaf4ca2171c92ff38afb91eb37bbd3f36da 
This program is licensed under the BSD-3 license. See the LICENSE file for details.
Components of this program may be licensed under more restrictive licenses which must be honored.
[INFO]: Reading ODB at '/openlane/designs/alu/runs/RUN_2026.03.29_11.17.16/tmp/cts/14-alu.resized.odb'…
define_corners Slowest Typical Fastest
read_liberty -corner Slowest /Users/nikhilshivhare/.ciel/sky130A/libs.ref/sky130_fd_sc_hd/lib/sky130_fd_sc_hd__ss_100C_1v60.lib
read_liberty -corner Typical /Users/nikhilshivhare/.ciel/sky130A/libs.ref/sky130_fd_sc_hd/lib/sky130_fd_sc_hd__tt_025C_1v80.lib
read_liberty -corner Fastest /Users/nikhilshivhare/.ciel/sky130A/libs.ref/sky130_fd_sc_hd/lib/sky130_fd_sc_hd__ff_n40C_1v95.lib
Using 1e-12 for capacitance...
Using 1e+03 for resistance...
Using 1e-09 for time...
Using 1e+00 for voltage...
Using 1e-03 for current...
Using 1e-09 for power...
Using 1e-06 for distance...
Reading design constraints file at '/openlane/designs/alu/runs/RUN_2026.03.29_11.17.16/tmp/cts/14-alu.resized.sdc'…
[WARNING STA-0357] virtual clock __VIRTUAL_CLK__ can not be propagated.
[INFO]: Setting signal min routing layer to: met1 and clock min routing layer to met3. 
[INFO]: Setting signal max routing layer to: met5 and clock max routing layer to met5. 
-congestion_iterations 50 -verbose -congestion_report_file /openlane/designs/alu/runs/RUN_2026.03.29_11.17.16/tmp/routing/resizer-routing-design-congestion.rpt
[INFO GRT-0020] Min routing layer: met1
[INFO GRT-0021] Max routing layer: met5
[INFO GRT-0022] Global adjustment: 30%
[INFO GRT-0023] Grid origin: (0, 0)
[INFO GRT-0043] No OR_DEFAULT vias defined.
[INFO GRT-0088] Layer li1     Track-Pitch = 0.4600  line-2-Via Pitch: 0.3400
[INFO GRT-0088] Layer met1    Track-Pitch = 0.3400  line-2-Via Pitch: 0.3400
[INFO GRT-0088] Layer met2    Track-Pitch = 0.4600  line-2-Via Pitch: 0.3500
[INFO GRT-0088] Layer met3    Track-Pitch = 0.6800  line-2-Via Pitch: 0.6150
[INFO GRT-0088] Layer met4    Track-Pitch = 0.9200  line-2-Via Pitch: 1.0400
[INFO GRT-0088] Layer met5    Track-Pitch = 3.4000  line-2-Via Pitch: 3.1100
[INFO GRT-0019] Found 0 clock nets.
[INFO GRT-0001] Minimum degree: 2
[INFO GRT-0002] Maximum degree: 10
[INFO GRT-0003] Macros: 0
[INFO GRT-0004] Blockages: 15

[INFO GRT-0053] Routing resources analysis:
          Routing      Original      Derated      Resource
Layer     Direction    Resources     Resources    Reduction (%)
---------------------------------------------------------------
li1        Vertical            0             0          0.00%
met1       Horizontal       1260           683          45.79%
met2       Vertical          945           680          28.04%
met3       Horizontal        630           396          37.14%
met4       Vertical          378           206          45.50%
met5       Horizontal        126            48          61.90%
---------------------------------------------------------------

[INFO GRT-0197] Via related to pin nodes: 516
[INFO GRT-0198] Via related Steiner nodes: 9
[INFO GRT-0199] Via filling finished.
[INFO GRT-0111] Final number of vias: 565
[INFO GRT-0112] Final usage 3D: 2028

[INFO GRT-0096] Final congestion report:
Layer         Resource        Demand        Usage (%)    Max H / Max V / Total Overflow
---------------------------------------------------------------------------------------
li1                  0             0            0.00%             0 /  0 /  0
met1               683           158           23.13%             0 /  0 /  0
met2               680           175           25.74%             0 /  0 /  0
met3               396             0            0.00%             0 /  0 /  0
met4               206             0            0.00%             0 /  0 /  0
met5                48             0            0.00%             0 /  0 /  0
---------------------------------------------------------------------------------------
Total             2013           333           16.54%             0 /  0 /  0

[INFO GRT-0018] Total wirelength: 4774 um
[INFO GRT-0014] Routed nets: 147
[INFO]: Setting RC values...
[INFO RSZ-0058] Using max wire length 4508um.
[INFO GRT-0009] rerouting 2 nets.
[INFO GRT-0001] Minimum degree: 2
[INFO GRT-0002] Maximum degree: 2
[INFO GRT-0009] rerouting 2 nets.
[INFO GRT-0001] Minimum degree: 2
[INFO GRT-0002] Maximum degree: 2
[INFO GRT-0009] rerouting 1 nets.
[INFO GRT-0009] rerouting 2 nets.
[INFO GRT-0009] rerouting 4 nets.
[INFO GRT-0009] rerouting 4 nets.
[INFO GRT-0009] rerouting 6 nets.
[INFO GRT-0009] rerouting 9 nets.
[INFO GRT-0009] rerouting 9 nets.
[INFO GRT-0009] rerouting 9 nets.
[INFO GRT-0009] rerouting 11 nets.
[INFO GRT-0009] rerouting 11 nets.
[INFO GRT-0009] rerouting 13 nets.
[INFO GRT-0009] rerouting 15 nets.
[INFO GRT-0009] rerouting 17 nets.
[INFO GRT-0009] rerouting 19 nets.
[INFO GRT-0009] rerouting 19 nets.
[INFO GRT-0009] rerouting 21 nets.
[INFO GRT-0009] rerouting 23 nets.
[INFO GRT-0009] rerouting 25 nets.
[INFO GRT-0009] rerouting 25 nets.
[INFO GRT-0009] rerouting 25 nets.
[INFO GRT-0009] rerouting 25 nets.
[INFO GRT-0009] rerouting 25 nets.
[INFO GRT-0009] rerouting 25 nets.
[INFO GRT-0009] rerouting 25 nets.
[INFO GRT-0009] rerouting 25 nets.
[INFO GRT-0009] rerouting 25 nets.
[INFO RSZ-0039] Resized 13 instances.
Placement Analysis
---------------------------------
total displacement         30.5 u
average displacement        0.2 u
max displacement            6.4 u
original HPWL            2088.8 u
legalized HPWL           2167.7 u
delta HPWL                    4 %

[INFO DPL-0020] Mirrored 54 instances
[INFO DPL-0021] HPWL before            2167.7 u
[INFO DPL-0022] HPWL after             2089.0 u
[INFO DPL-0023] HPWL delta               -3.6 %
Setting global connections for newly added cells…
Writing OpenROAD database to '/openlane/designs/alu/runs/RUN_2026.03.29_11.17.16/tmp/15-alu.odb'…
Writing netlist to '/openlane/designs/alu/runs/RUN_2026.03.29_11.17.16/tmp/15-alu.nl.v'…
Writing powered netlist to '/openlane/designs/alu/runs/RUN_2026.03.29_11.17.16/tmp/15-alu.pnl.v'…
Writing layout to '/openlane/designs/alu/runs/RUN_2026.03.29_11.17.16/tmp/15-alu.def'…
Writing timing constraints to '/openlane/designs/alu/runs/RUN_2026.03.29_11.17.16/tmp/15-alu.sdc'…
area_report

===========================================================================
report_design_area
============================================================================
Design area 965 u^2 55% utilization.
area_report_end
