OpenROAD 41a51eaf4ca2171c92ff38afb91eb37bbd3f36da 
This program is licensed under the BSD-3 license. See the LICENSE file for details.
Components of this program may be licensed under more restrictive licenses which must be honored.
[INFO]: Reading ODB at '/openlane/designs/alu/runs/RUN_2026.03.29_11.17.16/tmp/routing/22-fill.odb'…
define_corners Typical
read_liberty -corner Typical /Users/nikhilshivhare/.ciel/sky130A/libs.ref/sky130_fd_sc_hd/lib/sky130_fd_sc_hd__tt_025C_1v80.lib
Using 1e-12 for capacitance...
Using 1e+03 for resistance...
Using 1e-09 for time...
Using 1e+00 for voltage...
Using 1e-03 for current...
Using 1e-09 for power...
Using 1e-06 for distance...
Reading design constraints file at '/openlane/designs/alu/runs/RUN_2026.03.29_11.17.16/tmp/17-alu.sdc'…
[INFO ORD-0030] Using 2 thread(s).
[INFO DRT-0149] Reading tech and libs.

Units:                1000
Number of layers:     13
Number of macros:     441
Number of vias:       25
Number of viarulegen: 25

[INFO DRT-0150] Reading design.

Design:                   alu
Die area:                 ( 0 0 ) ( 54160 64880 )
Number of track patterns: 12
Number of DEF vias:       0
Number of components:     301
Number of terminals:      29
Number of snets:          2
Number of nets:           147

[INFO DRT-0167] List of default vias:
  Layer mcon
    default via: L1M1_PR
  Layer via
    default via: M1M2_PR
  Layer via2
    default via: M2M3_PR
  Layer via3
    default via: M3M4_PR
  Layer via4
    default via: M4M5_PR
[INFO DRT-0162] Library cell analysis.
[INFO DRT-0163] Instance analysis.
[INFO DRT-0164] Number of unique instances = 99.
[INFO DRT-0168] Init region query.
[INFO DRT-0024]   Complete FR_MASTERSLICE.
[INFO DRT-0024]   Complete licon.
[INFO DRT-0024]   Complete li1.
[INFO DRT-0024]   Complete mcon.
[INFO DRT-0024]   Complete met1.
[INFO DRT-0024]   Complete via.
[INFO DRT-0024]   Complete met2.
[INFO DRT-0024]   Complete via2.
[INFO DRT-0024]   Complete met3.
[INFO DRT-0024]   Complete via3.
[INFO DRT-0024]   Complete met4.
[INFO DRT-0024]   Complete via4.
[INFO DRT-0024]   Complete met5.
[INFO DRT-0033] FR_MASTERSLICE shape region query size = 0.
[INFO DRT-0033] licon shape region query size = 0.
[INFO DRT-0033] li1 shape region query size = 3579.
[INFO DRT-0033] mcon shape region query size = 384.
[INFO DRT-0033] met1 shape region query size = 712.
[INFO DRT-0033] via shape region query size = 320.
[INFO DRT-0033] met2 shape region query size = 205.
[INFO DRT-0033] via2 shape region query size = 256.
[INFO DRT-0033] met3 shape region query size = 206.
[INFO DRT-0033] via3 shape region query size = 256.
[INFO DRT-0033] met4 shape region query size = 112.
[INFO DRT-0033] via4 shape region query size = 32.
[INFO DRT-0033] met5 shape region query size = 48.
[INFO DRT-0165] Start pin access.
[INFO DRT-0076]   Complete 100 pins.
[INFO DRT-0076]   Complete 200 pins.
[INFO DRT-0078]   Complete 291 pins.
[INFO DRT-0081]   Complete 81 unique inst patterns.
[INFO DRT-0084]   Complete 79 groups.
#scanned instances     = 301
#unique  instances     = 99
#stdCellGenAp          = 2289
#stdCellValidPlanarAp  = 14
#stdCellValidViaAp     = 1859
#stdCellPinNoAp        = 0
#stdCellPinCnt         = 442
#instTermValidViaApCnt = 0
#macroGenAp            = 0
#macroValidPlanarAp    = 0
#macroValidViaAp       = 0
#macroNoAp             = 0
[INFO DRT-0166] Complete pin access.
[INFO DRT-0267] cpu time = 00:00:02, elapsed time = 00:00:01, memory = 115.75 (MB), peak = 115.35 (MB)

Number of guides:     939

[INFO DRT-0169] Post process guides.
[INFO DRT-0176] GCELLGRID X 0 DO 7 STEP 6900 ;
[INFO DRT-0177] GCELLGRID Y 0 DO 9 STEP 6900 ;
[INFO DRT-0028]   Complete FR_MASTERSLICE.
[INFO DRT-0028]   Complete licon.
[INFO DRT-0028]   Complete li1.
[INFO DRT-0028]   Complete mcon.
[INFO DRT-0028]   Complete met1.
[INFO DRT-0028]   Complete via.
[INFO DRT-0028]   Complete met2.
[INFO DRT-0028]   Complete via2.
[INFO DRT-0028]   Complete met3.
[INFO DRT-0028]   Complete via3.
[INFO DRT-0028]   Complete met4.
[INFO DRT-0028]   Complete via4.
[INFO DRT-0028]   Complete met5.
[INFO DRT-0178] Init guide query.
[INFO DRT-0035]   Complete FR_MASTERSLICE (guide).
[INFO DRT-0035]   Complete licon (guide).
[INFO DRT-0035]   Complete li1 (guide).
[INFO DRT-0035]   Complete mcon (guide).
[INFO DRT-0035]   Complete met1 (guide).
[INFO DRT-0035]   Complete via (guide).
[INFO DRT-0035]   Complete met2 (guide).
[INFO DRT-0035]   Complete via2 (guide).
[INFO DRT-0035]   Complete met3 (guide).
[INFO DRT-0035]   Complete via3 (guide).
[INFO DRT-0035]   Complete met4 (guide).
[INFO DRT-0035]   Complete via4 (guide).
[INFO DRT-0035]   Complete met5 (guide).
[INFO DRT-0036] FR_MASTERSLICE guide region query size = 0.
[INFO DRT-0036] licon guide region query size = 0.
[INFO DRT-0036] li1 guide region query size = 326.
[INFO DRT-0036] mcon guide region query size = 0.
[INFO DRT-0036] met1 guide region query size = 234.
[INFO DRT-0036] via guide region query size = 0.
[INFO DRT-0036] met2 guide region query size = 131.
[INFO DRT-0036] via2 guide region query size = 0.
[INFO DRT-0036] met3 guide region query size = 14.
[INFO DRT-0036] via3 guide region query size = 0.
[INFO DRT-0036] met4 guide region query size = 0.
[INFO DRT-0036] via4 guide region query size = 0.
[INFO DRT-0036] met5 guide region query size = 0.
[INFO DRT-0179] Init gr pin query.
[INFO DRT-0245] skipped writing guide updates to database.
[INFO DRT-0185] Post process initialize RPin region query.
[INFO DRT-0181] Start track assignment.
[INFO DRT-0184] Done with 457 vertical wires in 1 frboxes and 248 horizontal wires in 1 frboxes.
[INFO DRT-0186] Done with 56 vertical wires in 1 frboxes and 73 horizontal wires in 1 frboxes.
[INFO DRT-0182] Complete track assignment.
[INFO DRT-0267] cpu time = 00:00:00, elapsed time = 00:00:00, memory = 116.98 (MB), peak = 117.53 (MB)
[INFO DRT-0187] Start routing data preparation.
[INFO DRT-0267] cpu time = 00:00:00, elapsed time = 00:00:00, memory = 116.98 (MB), peak = 117.53 (MB)
[INFO DRT-0194] Start detail routing.
[INFO DRT-0195] Start 0th optimization iteration.
    Completing 10% with 0 violations.
    elapsed time = 00:00:01, memory = 135.65 (MB).
    Completing 20% with 29 violations.
    elapsed time = 00:00:01, memory = 135.16 (MB).
[INFO DRT-0199]   Number of violations = 40.
Viol/Layer        met1   met2   met3
Metal Spacing        6      1      3
Recheck              3      4      0
Short               23      0      0
[INFO DRT-0267] cpu time = 00:00:01, elapsed time = 00:00:01, memory = 479.84 (MB), peak = 479.47 (MB)
Total wire length = 2485 um.
Total wire length on LAYER li1 = 0 um.
Total wire length on LAYER met1 = 1261 um.
Total wire length on LAYER met2 = 1165 um.
Total wire length on LAYER met3 = 59 um.
Total wire length on LAYER met4 = 0 um.
Total wire length on LAYER met5 = 0 um.
Total number of vias = 846.
Up-via summary (total 846):.

----------------------
 FR_MASTERSLICE      0
            li1    440
           met1    392
           met2     14
           met3      0
           met4      0
----------------------
                   846


[INFO DRT-0195] Start 1st optimization iteration.
    Completing 10% with 40 violations.
    elapsed time = 00:00:00, memory = 479.84 (MB).
    Completing 20% with 43 violations.
    elapsed time = 00:00:00, memory = 479.84 (MB).
    Completing 30% with 28 violations.
    elapsed time = 00:00:00, memory = 135.30 (MB).
    Completing 40% with 36 violations.
    elapsed time = 00:00:00, memory = 135.30 (MB).
[INFO DRT-0199]   Number of violations = 26.
Viol/Layer        met1
Metal Spacing        7
Short               19
[INFO DRT-0267] cpu time = 00:00:00, elapsed time = 00:00:00, memory = 135.31 (MB), peak = 479.47 (MB)
Total wire length = 2482 um.
Total wire length on LAYER li1 = 0 um.
Total wire length on LAYER met1 = 1243 um.
Total wire length on LAYER met2 = 1191 um.
Total wire length on LAYER met3 = 47 um.
Total wire length on LAYER met4 = 0 um.
Total wire length on LAYER met5 = 0 um.
Total number of vias = 859.
Up-via summary (total 859):.

----------------------
 FR_MASTERSLICE      0
            li1    440
           met1    405
           met2     14
           met3      0
           met4      0
----------------------
                   859


[INFO DRT-0195] Start 2nd optimization iteration.
    Completing 10% with 26 violations.
    elapsed time = 00:00:00, memory = 135.31 (MB).
    Completing 20% with 26 violations.
    elapsed time = 00:00:00, memory = 135.31 (MB).
    Completing 30% with 26 violations.
    elapsed time = 00:00:00, memory = 135.31 (MB).
    Completing 40% with 26 violations.
    elapsed time = 00:00:01, memory = 166.02 (MB).
[INFO DRT-0199]   Number of violations = 35.
Viol/Layer        met1
Metal Spacing        3
Short               32
[INFO DRT-0267] cpu time = 00:00:01, elapsed time = 00:00:01, memory = 135.29 (MB), peak = 479.47 (MB)
Total wire length = 2488 um.
Total wire length on LAYER li1 = 0 um.
Total wire length on LAYER met1 = 1263 um.
Total wire length on LAYER met2 = 1177 um.
Total wire length on LAYER met3 = 47 um.
Total wire length on LAYER met4 = 0 um.
Total wire length on LAYER met5 = 0 um.
Total number of vias = 853.
Up-via summary (total 853):.

----------------------
 FR_MASTERSLICE      0
            li1    440
           met1    399
           met2     14
           met3      0
           met4      0
----------------------
                   853


[INFO DRT-0195] Start 3rd optimization iteration.
    Completing 10% with 35 violations.
    elapsed time = 00:00:01, memory = 148.27 (MB).
    Completing 20% with 10 violations.
    elapsed time = 00:00:01, memory = 148.27 (MB).
[INFO DRT-0199]   Number of violations = 10.
Viol/Layer        met1
Metal Spacing       10
[INFO DRT-0267] cpu time = 00:00:02, elapsed time = 00:00:02, memory = 139.26 (MB), peak = 479.47 (MB)
Total wire length = 2500 um.
Total wire length on LAYER li1 = 0 um.
Total wire length on LAYER met1 = 1231 um.
Total wire length on LAYER met2 = 1176 um.
Total wire length on LAYER met3 = 93 um.
Total wire length on LAYER met4 = 0 um.
Total wire length on LAYER met5 = 0 um.
Total number of vias = 874.
Up-via summary (total 874):.

----------------------
 FR_MASTERSLICE      0
            li1    440
           met1    410
           met2     24
           met3      0
           met4      0
----------------------
                   874


[INFO DRT-0195] Start 4th optimization iteration.
    Completing 10% with 10 violations.
    elapsed time = 00:00:00, memory = 142.81 (MB).
    Completing 20% with 0 violations.
    elapsed time = 00:00:00, memory = 142.81 (MB).
    Completing 30% with 0 violations.
    elapsed time = 00:00:00, memory = 142.81 (MB).
    Completing 40% with 0 violations.
    elapsed time = 00:00:00, memory = 142.81 (MB).
[INFO DRT-0199]   Number of violations = 0.
[INFO DRT-0267] cpu time = 00:00:00, elapsed time = 00:00:00, memory = 139.26 (MB), peak = 479.47 (MB)
Total wire length = 2495 um.
Total wire length on LAYER li1 = 0 um.
Total wire length on LAYER met1 = 1230 um.
Total wire length on LAYER met2 = 1171 um.
Total wire length on LAYER met3 = 93 um.
Total wire length on LAYER met4 = 0 um.
Total wire length on LAYER met5 = 0 um.
Total number of vias = 874.
Up-via summary (total 874):.

----------------------
 FR_MASTERSLICE      0
            li1    440
           met1    410
           met2     24
           met3      0
           met4      0
----------------------
                   874


[INFO DRT-0198] Complete detail routing.
Total wire length = 2495 um.
Total wire length on LAYER li1 = 0 um.
Total wire length on LAYER met1 = 1230 um.
Total wire length on LAYER met2 = 1171 um.
Total wire length on LAYER met3 = 93 um.
Total wire length on LAYER met4 = 0 um.
Total wire length on LAYER met5 = 0 um.
Total number of vias = 874.
Up-via summary (total 874):.

----------------------
 FR_MASTERSLICE      0
            li1    440
           met1    410
           met2     24
           met3      0
           met4      0
----------------------
                   874


[INFO DRT-0267] cpu time = 00:00:05, elapsed time = 00:00:05, memory = 139.26 (MB), peak = 479.47 (MB)

[INFO DRT-0180] Post processing.
Setting global connections for newly added cells…
Writing OpenROAD database to '/openlane/designs/alu/runs/RUN_2026.03.29_11.17.16/results/routing/alu.odb'…
Writing netlist to '/openlane/designs/alu/runs/RUN_2026.03.29_11.17.16/results/routing/alu.nl.v'…
Writing powered netlist to '/openlane/designs/alu/runs/RUN_2026.03.29_11.17.16/results/routing/alu.pnl.v'…
Writing layout to '/openlane/designs/alu/runs/RUN_2026.03.29_11.17.16/results/routing/alu.def'…
