Instance name,  X location,  Y location,  Voltage 
output21, 42.95, 51.68, 1.79998
FILLER_0_14_74, 42.95, 51.68, 1.79998
_112_, 42.95, 46.24, 1.79998
_113_, 42.95, 46.24, 1.79998
_115_, 42.95, 46.24, 1.79998
_116_, 42.95, 46.24, 1.79998
input7, 42.95, 46.24, 1.79998
input11, 42.95, 46.24, 1.79998
_114_, 42.95, 40.8, 1.79999
output20, 42.95, 40.8, 1.79999
FILLER_0_11_75, 42.95, 40.8, 1.79999
_096_, 42.95, 35.36, 1.79999
_098_, 42.95, 35.36, 1.79999
_099_, 42.95, 35.36, 1.79999
_108_, 42.95, 35.36, 1.79999
FILLER_0_8_72, 42.95, 35.36, 1.79999
FILLER_0_10_85, 42.95, 35.36, 1.79999
_095_, 42.95, 29.92, 1.79998
output27, 42.95, 29.92, 1.79998
FILLER_0_6_81, 42.95, 29.92, 1.79998
FILLER_0_7_80, 42.95, 29.92, 1.79998
FILLER_0_8_85, 42.95, 29.92, 1.79998
_097_, 42.95, 24.48, 1.79998
_111_, 42.95, 24.48, 1.79998
input2, 42.95, 24.48, 1.79998
FILLER_0_4_74, 42.95, 24.48, 1.79998
_190_, 42.95, 19.04, 1.79998
_192_, 42.95, 19.04, 1.79998
_193_, 42.95, 19.04, 1.79998
input1, 42.95, 19.04, 1.79998
_093_, 42.95, 13.6, 1.79998
_184_, 42.95, 13.6, 1.79998
_186_, 42.95, 13.6, 1.79998
input8, 42.95, 13.6, 1.79998
input14, 42.95, 13.6, 1.79998
input18, 42.95, 13.6, 1.79998
FILLER_0_2_85, 42.95, 13.6, 1.79998
output23, 32.255, 51.68, 1.79998
FILLER_0_14_50, 32.255, 51.68, 1.79998
_121_, 32.255, 46.24, 1.79998
_122_, 32.255, 46.24, 1.79998
_123_, 32.255, 46.24, 1.79998
_124_, 32.255, 46.24, 1.79998
input10, 32.255, 46.24, 1.79998
_109_, 32.255, 40.8, 1.79999
FILLER_0_10_53, 32.255, 40.8, 1.79999
FILLER_0_11_57, 32.255, 40.8, 1.79999
FILLER_0_11_65, 32.255, 40.8, 1.79999
FILLER_0_12_66, 32.255, 40.8, 1.79999
_103_, 32.255, 35.36, 1.79999
_105_, 32.255, 35.36, 1.79999
_106_, 32.255, 35.36, 1.79999
_107_, 32.255, 35.36, 1.79999
_117_, 32.255, 35.36, 1.79999
_118_, 32.255, 35.36, 1.79999
FILLER_0_8_49, 32.255, 35.36, 1.79999
FILLER_0_9_57, 32.255, 35.36, 1.79999
_094_, 32.255, 29.92, 1.79999
_102_, 32.255, 29.92, 1.79999
_104_, 32.255, 29.92, 1.79999
FILLER_0_6_52, 32.255, 29.92, 1.79999
FILLER_0_7_48, 32.255, 29.92, 1.79999
FILLER_0_7_57, 32.255, 29.92, 1.79999
_100_, 32.255, 24.48, 1.79998
_101_, 32.255, 24.48, 1.79998
_110_, 32.255, 24.48, 1.79998
_178_, 32.255, 24.48, 1.79998
_179_, 32.255, 24.48, 1.79998
_180_, 32.255, 24.48, 1.79998
FILLER_0_4_51, 32.255, 24.48, 1.79998
FILLER_0_5_60, 32.255, 24.48, 1.79998
_172_, 32.255, 19.04, 1.79998
_173_, 32.255, 19.04, 1.79998
_174_, 32.255, 19.04, 1.79998
_188_, 32.255, 19.04, 1.79998
_189_, 32.255, 19.04, 1.79998
FILLER_0_3_66, 32.255, 19.04, 1.79998
FILLER_0_4_59, 32.255, 19.04, 1.79998
_183_, 32.255, 13.6, 1.79998
_185_, 32.255, 13.6, 1.79998
_187_, 32.255, 13.6, 1.79998
_191_, 32.255, 13.6, 1.79998
input3, 32.255, 13.6, 1.79998
output24, 32.255, 13.6, 1.79998
FILLER_0_0_53, 32.255, 13.6, 1.79998
FILLER_0_0_65, 32.255, 13.6, 1.79998
FILLER_0_2_64, 32.255, 13.6, 1.79998
FILLER_0_14_29, 21.56, 51.68, 1.79999
_127_, 21.56, 46.24, 1.79998
_128_, 21.56, 46.24, 1.79998
_139_, 21.56, 46.24, 1.79998
output22, 21.56, 46.24, 1.79998
FILLER_0_13_45, 21.56, 46.24, 1.79998
_125_, 21.56, 40.8, 1.79999
_126_, 21.56, 40.8, 1.79999
_136_, 21.56, 40.8, 1.79999
_138_, 21.56, 40.8, 1.79999
FILLER_0_11_26, 21.56, 40.8, 1.79999
_120_, 21.56, 35.36, 1.79998
_129_, 21.56, 35.36, 1.79998
_130_, 21.56, 35.36, 1.79998
_142_, 21.56, 35.36, 1.79998
_119_, 21.56, 29.92, 1.79998
_150_, 21.56, 29.92, 1.79998
_151_, 21.56, 29.92, 1.79998
_156_, 21.56, 29.92, 1.79998
FILLER_0_7_24, 21.56, 29.92, 1.79998
_148_, 21.56, 24.48, 1.79998
_149_, 21.56, 24.48, 1.79998
_177_, 21.56, 24.48, 1.79998
_181_, 21.56, 24.48, 1.79998
_182_, 21.56, 24.48, 1.79998
FILLER_0_5_37, 21.56, 24.48, 1.79998
FILLER_0_6_44, 21.56, 24.48, 1.79998
_167_, 21.56, 19.04, 1.79998
FILLER_0_2_25, 21.56, 19.04, 1.79998
FILLER_0_4_41, 21.56, 19.04, 1.79998
_164_, 21.56, 13.6, 1.79998
_165_, 21.56, 13.6, 1.79998
_166_, 21.56, 13.6, 1.79998
_170_, 21.56, 13.6, 1.79998
_171_, 21.56, 13.6, 1.79998
input19, 21.56, 13.6, 1.79998
FILLER_0_0_35, 21.56, 13.6, 1.79998
input13, 10.865, 51.68, 1.79999
_133_, 10.865, 46.24, 1.79998
_135_, 10.865, 46.24, 1.79998
_140_, 10.865, 46.24, 1.79998
input17, 10.865, 46.24, 1.79998
FILLER_0_13_14, 10.865, 46.24, 1.79998
FILLER_0_14_13, 10.865, 46.24, 1.79998
FILLER_0_14_21, 10.865, 46.24, 1.79998
_131_, 10.865, 40.8, 1.79998
_132_, 10.865, 40.8, 1.79998
_134_, 10.865, 40.8, 1.79998
_137_, 10.865, 40.8, 1.79998
FILLER_0_11_18, 10.865, 40.8, 1.79998
FILLER_0_12_12, 10.865, 40.8, 1.79998
_141_, 10.865, 35.36, 1.79998
_145_, 10.865, 35.36, 1.79998
_146_, 10.865, 35.36, 1.79998
FILLER_0_9_9, 10.865, 35.36, 1.79998
FILLER_0_9_20, 10.865, 35.36, 1.79998
FILLER_0_10_23, 10.865, 35.36, 1.79998
_144_, 10.865, 29.92, 1.79998
_147_, 10.865, 29.92, 1.79998
FILLER_0_7_16, 10.865, 29.92, 1.79998
_152_, 10.865, 24.48, 1.79998
_154_, 10.865, 24.48, 1.79998
_162_, 10.865, 24.48, 1.79998
_168_, 10.865, 24.48, 1.79998
FILLER_0_5_20, 10.865, 24.48, 1.79998
_161_, 10.865, 19.04, 1.79998
_169_, 10.865, 19.04, 1.79998
_175_, 10.865, 19.04, 1.79998
_176_, 10.865, 19.04, 1.79998
FILLER_0_2_7, 10.865, 19.04, 1.79998
FILLER_0_3_11, 10.865, 19.04, 1.79998
_155_, 10.865, 13.6, 1.79998
_157_, 10.865, 13.6, 1.79998
_158_, 10.865, 13.6, 1.79998
_159_, 10.865, 13.6, 1.79998
_160_, 10.865, 13.6, 1.79998
input9, 10.865, 13.6, 1.79998
input16, 10.865, 13.6, 1.79998
FILLER_0_2_17, 10.865, 13.6, 1.79998
PHY_28, 5.52, 51.68, 1.79999
PHY_29, 48.3, 51.68, 1.79998
PHY_24, 5.52, 46.24, 1.79997
PHY_26, 5.52, 46.24, 1.79997
input6, 5.52, 46.24, 1.79997
output26, 5.52, 46.24, 1.79997
PHY_25, 48.3, 46.24, 1.79998
PHY_27, 48.3, 46.24, 1.79998
PHY_20, 5.52, 40.8, 1.79998
PHY_22, 5.52, 40.8, 1.79998
input4, 5.52, 40.8, 1.79998
FILLER_0_11_3, 5.52, 40.8, 1.79998
PHY_21, 48.3, 40.8, 1.79999
PHY_23, 48.3, 40.8, 1.79999
PHY_16, 5.52, 35.36, 1.79998
PHY_18, 5.52, 35.36, 1.79998
output25, 5.52, 35.36, 1.79998
PHY_17, 48.3, 35.36, 1.79999
PHY_19, 48.3, 35.36, 1.79999
_143_, 5.52, 29.92, 1.79998
PHY_12, 5.52, 29.92, 1.79998
PHY_14, 5.52, 29.92, 1.79998
FILLER_0_8_3, 5.52, 29.92, 1.79998
PHY_13, 48.3, 29.92, 1.79998
PHY_15, 48.3, 29.92, 1.79998
_153_, 5.52, 24.48, 1.79998
PHY_8, 5.52, 24.48, 1.79998
PHY_10, 5.52, 24.48, 1.79998
input12, 5.52, 24.48, 1.79998
PHY_9, 48.3, 24.48, 1.79998
PHY_11, 48.3, 24.48, 1.79998
_163_, 5.52, 19.04, 1.79998
PHY_4, 5.52, 19.04, 1.79998
PHY_6, 5.52, 19.04, 1.79998
FILLER_0_3_3, 5.52, 19.04, 1.79998
PHY_5, 48.3, 19.04, 1.79998
PHY_7, 48.3, 19.04, 1.79998
PHY_0, 5.52, 13.6, 1.79998
PHY_2, 5.52, 13.6, 1.79998
input5, 5.52, 13.6, 1.79998
input15, 5.52, 13.6, 1.79998
FILLER_0_1_3, 5.52, 13.6, 1.79998
PHY_1, 48.3, 13.6, 1.79998
PHY_3, 48.3, 13.6, 1.79998

