Instance name,  X location,  Y location,  Voltage 
_113_, 46.25, 48.96, 2.35573e-05
PHY_29, 46.25, 48.96, 2.35573e-05
input7, 46.25, 48.96, 2.35573e-05
input11, 46.25, 48.96, 2.35573e-05
output21, 46.25, 48.96, 2.35573e-05
_114_, 46.25, 43.52, 1.8063e-05
_115_, 46.25, 43.52, 1.8063e-05
PHY_25, 46.25, 43.52, 1.8063e-05
PHY_27, 46.25, 43.52, 1.8063e-05
output20, 46.25, 43.52, 1.8063e-05
_098_, 46.25, 38.08, 1.43451e-05
_099_, 46.25, 38.08, 1.43451e-05
PHY_21, 46.25, 38.08, 1.43451e-05
PHY_23, 46.25, 38.08, 1.43451e-05
FILLER_0_10_85, 46.25, 38.08, 1.43451e-05
PHY_17, 46.25, 32.64, 1.62402e-05
PHY_19, 46.25, 32.64, 1.62402e-05
output27, 46.25, 32.64, 1.62402e-05
FILLER_0_7_80, 46.25, 32.64, 1.62402e-05
FILLER_0_8_85, 46.25, 32.64, 1.62402e-05
_111_, 46.25, 27.2, 1.32764e-05
PHY_13, 46.25, 27.2, 1.32764e-05
PHY_15, 46.25, 27.2, 1.32764e-05
FILLER_0_6_81, 46.25, 27.2, 1.32764e-05
_193_, 46.25, 21.76, 1.56341e-05
PHY_9, 46.25, 21.76, 1.56341e-05
PHY_11, 46.25, 21.76, 1.56341e-05
input1, 46.25, 21.76, 1.56341e-05
input2, 46.25, 21.76, 1.56341e-05
_093_, 46.25, 16.32, 1.4628e-05
PHY_5, 46.25, 16.32, 1.4628e-05
PHY_7, 46.25, 16.32, 1.4628e-05
FILLER_0_2_85, 46.25, 16.32, 1.4628e-05
PHY_1, 46.25, 10.88, 1.65442e-05
PHY_3, 46.25, 10.88, 1.65442e-05
input14, 46.25, 10.88, 1.65442e-05
input18, 46.25, 10.88, 1.65442e-05
_122_, 35.555, 48.96, 2.39004e-05
_123_, 35.555, 48.96, 2.39004e-05
input10, 35.555, 48.96, 2.39004e-05
output23, 35.555, 48.96, 2.39004e-05
FILLER_0_14_74, 35.555, 48.96, 2.39004e-05
_112_, 35.555, 43.52, 1.65338e-05
_116_, 35.555, 43.52, 1.65338e-05
FILLER_0_11_57, 35.555, 43.52, 1.65338e-05
FILLER_0_11_65, 35.555, 43.52, 1.65338e-05
FILLER_0_12_66, 35.555, 43.52, 1.65338e-05
_106_, 35.555, 38.08, 1.4676e-05
_107_, 35.555, 38.08, 1.4676e-05
_109_, 35.555, 38.08, 1.4676e-05
_117_, 35.555, 38.08, 1.4676e-05
FILLER_0_9_57, 35.555, 38.08, 1.4676e-05
FILLER_0_11_75, 35.555, 38.08, 1.4676e-05
_096_, 35.555, 32.64, 1.62356e-05
_102_, 35.555, 32.64, 1.62356e-05
_103_, 35.555, 32.64, 1.62356e-05
_104_, 35.555, 32.64, 1.62356e-05
_105_, 35.555, 32.64, 1.62356e-05
_108_, 35.555, 32.64, 1.62356e-05
FILLER_0_7_57, 35.555, 32.64, 1.62356e-05
FILLER_0_8_72, 35.555, 32.64, 1.62356e-05
_094_, 35.555, 27.2, 1.4115e-05
_095_, 35.555, 27.2, 1.4115e-05
_100_, 35.555, 27.2, 1.4115e-05
_101_, 35.555, 27.2, 1.4115e-05
_180_, 35.555, 27.2, 1.4115e-05
FILLER_0_5_60, 35.555, 27.2, 1.4115e-05
_097_, 35.555, 21.76, 1.61246e-05
_110_, 35.555, 21.76, 1.61246e-05
_172_, 35.555, 21.76, 1.61246e-05
_174_, 35.555, 21.76, 1.61246e-05
_188_, 35.555, 21.76, 1.61246e-05
_189_, 35.555, 21.76, 1.61246e-05
FILLER_0_4_59, 35.555, 21.76, 1.61246e-05
FILLER_0_4_74, 35.555, 21.76, 1.61246e-05
_187_, 35.555, 16.32, 1.46331e-05
_190_, 35.555, 16.32, 1.46331e-05
_192_, 35.555, 16.32, 1.46331e-05
FILLER_0_2_64, 35.555, 16.32, 1.46331e-05
FILLER_0_3_66, 35.555, 16.32, 1.46331e-05
_184_, 35.555, 10.88, 1.80821e-05
_185_, 35.555, 10.88, 1.80821e-05
_186_, 35.555, 10.88, 1.80821e-05
_191_, 35.555, 10.88, 1.80821e-05
input8, 35.555, 10.88, 1.80821e-05
output24, 35.555, 10.88, 1.80821e-05
FILLER_0_0_65, 35.555, 10.88, 1.80821e-05
_127_, 24.86, 48.96, 2.2932e-05
_128_, 24.86, 48.96, 2.2932e-05
output22, 24.86, 48.96, 2.2932e-05
FILLER_0_14_50, 24.86, 48.96, 2.2932e-05
_121_, 24.86, 43.52, 1.7183e-05
_124_, 24.86, 43.52, 1.7183e-05
_125_, 24.86, 43.52, 1.7183e-05
_126_, 24.86, 43.52, 1.7183e-05
_138_, 24.86, 43.52, 1.7183e-05
FILLER_0_13_45, 24.86, 43.52, 1.7183e-05
_129_, 24.86, 38.08, 1.36966e-05
FILLER_0_10_53, 24.86, 38.08, 1.36966e-05
_118_, 24.86, 32.64, 1.63035e-05
_119_, 24.86, 32.64, 1.63035e-05
_120_, 24.86, 32.64, 1.63035e-05
_150_, 24.86, 32.64, 1.63035e-05
_156_, 24.86, 32.64, 1.63035e-05
FILLER_0_8_49, 24.86, 32.64, 1.63035e-05
_148_, 24.86, 27.2, 1.41472e-05
_149_, 24.86, 27.2, 1.41472e-05
_181_, 24.86, 27.2, 1.41472e-05
FILLER_0_5_37, 24.86, 27.2, 1.41472e-05
FILLER_0_6_44, 24.86, 27.2, 1.41472e-05
FILLER_0_6_52, 24.86, 27.2, 1.41472e-05
FILLER_0_7_48, 24.86, 27.2, 1.41472e-05
_178_, 24.86, 21.76, 1.53543e-05
_179_, 24.86, 21.76, 1.53543e-05
FILLER_0_4_41, 24.86, 21.76, 1.53543e-05
FILLER_0_4_51, 24.86, 21.76, 1.53543e-05
_164_, 24.86, 16.32, 1.4564e-05
_165_, 24.86, 16.32, 1.4564e-05
_171_, 24.86, 16.32, 1.4564e-05
_173_, 24.86, 16.32, 1.4564e-05
_170_, 24.86, 10.88, 1.65132e-05
_183_, 24.86, 10.88, 1.65132e-05
input3, 24.86, 10.88, 1.65132e-05
FILLER_0_0_35, 24.86, 10.88, 1.65132e-05
FILLER_0_0_53, 24.86, 10.88, 1.65132e-05
_140_, 14.165, 48.96, 2.37479e-05
input17, 14.165, 48.96, 2.37479e-05
FILLER_0_13_14, 14.165, 48.96, 2.37479e-05
FILLER_0_14_13, 14.165, 48.96, 2.37479e-05
FILLER_0_14_21, 14.165, 48.96, 2.37479e-05
FILLER_0_14_29, 14.165, 48.96, 2.37479e-05
_131_, 14.165, 43.52, 2.00425e-05
_132_, 14.165, 43.52, 2.00425e-05
_134_, 14.165, 43.52, 2.00425e-05
_137_, 14.165, 43.52, 2.00425e-05
_139_, 14.165, 43.52, 2.00425e-05
FILLER_0_11_18, 14.165, 43.52, 2.00425e-05
FILLER_0_12_12, 14.165, 43.52, 2.00425e-05
_136_, 14.165, 38.08, 1.47495e-05
_141_, 14.165, 38.08, 1.47495e-05
_146_, 14.165, 38.08, 1.47495e-05
FILLER_0_10_23, 14.165, 38.08, 1.47495e-05
FILLER_0_11_26, 14.165, 38.08, 1.47495e-05
_130_, 14.165, 32.64, 1.95155e-05
_142_, 14.165, 32.64, 1.95155e-05
_145_, 14.165, 32.64, 1.95155e-05
FILLER_0_7_16, 14.165, 32.64, 1.95155e-05
FILLER_0_9_20, 14.165, 32.64, 1.95155e-05
_147_, 14.165, 27.2, 1.7117e-05
_151_, 14.165, 27.2, 1.7117e-05
_152_, 14.165, 27.2, 1.7117e-05
_154_, 14.165, 27.2, 1.7117e-05
FILLER_0_7_24, 14.165, 27.2, 1.7117e-05
_175_, 14.165, 21.76, 1.89583e-05
_176_, 14.165, 21.76, 1.89583e-05
_177_, 14.165, 21.76, 1.89583e-05
_182_, 14.165, 21.76, 1.89583e-05
FILLER_0_3_11, 14.165, 21.76, 1.89583e-05
FILLER_0_5_20, 14.165, 21.76, 1.89583e-05
_158_, 14.165, 16.32, 1.67174e-05
_159_, 14.165, 16.32, 1.67174e-05
_160_, 14.165, 16.32, 1.67174e-05
_161_, 14.165, 16.32, 1.67174e-05
_167_, 14.165, 16.32, 1.67174e-05
_169_, 14.165, 16.32, 1.67174e-05
FILLER_0_2_17, 14.165, 16.32, 1.67174e-05
FILLER_0_2_25, 14.165, 16.32, 1.67174e-05
_157_, 14.165, 10.88, 1.82992e-05
_166_, 14.165, 10.88, 1.82992e-05
input16, 14.165, 10.88, 1.82992e-05
input19, 14.165, 10.88, 1.82992e-05
PHY_26, 5.52, 48.96, 3.0373e-05
PHY_28, 5.52, 48.96, 3.0373e-05
input13, 5.52, 48.96, 3.0373e-05
output26, 5.52, 48.96, 3.0373e-05
_133_, 5.52, 43.52, 2.43228e-05
_135_, 5.52, 43.52, 2.43228e-05
PHY_22, 5.52, 43.52, 2.43228e-05
PHY_24, 5.52, 43.52, 2.43228e-05
input4, 5.52, 43.52, 2.43228e-05
input6, 5.52, 43.52, 2.43228e-05
PHY_18, 5.52, 38.08, 1.47496e-05
PHY_20, 5.52, 38.08, 1.47496e-05
FILLER_0_11_3, 5.52, 38.08, 1.47496e-05
PHY_14, 5.52, 32.64, 2.47598e-05
PHY_16, 5.52, 32.64, 2.47598e-05
output25, 5.52, 32.64, 2.47598e-05
FILLER_0_8_3, 5.52, 32.64, 2.47598e-05
FILLER_0_9_9, 5.52, 32.64, 2.47598e-05
_143_, 5.52, 27.2, 2.05039e-05
_144_, 5.52, 27.2, 2.05039e-05
_153_, 5.52, 27.2, 2.05039e-05
PHY_10, 5.52, 27.2, 2.05039e-05
PHY_12, 5.52, 27.2, 2.05039e-05
_162_, 5.52, 21.76, 2.31302e-05
_163_, 5.52, 21.76, 2.31302e-05
_168_, 5.52, 21.76, 2.31302e-05
PHY_6, 5.52, 21.76, 2.31302e-05
PHY_8, 5.52, 21.76, 2.31302e-05
input12, 5.52, 21.76, 2.31302e-05
PHY_2, 5.52, 16.32, 1.81178e-05
PHY_4, 5.52, 16.32, 1.81178e-05
input5, 5.52, 16.32, 1.81178e-05
FILLER_0_2_7, 5.52, 16.32, 1.81178e-05
FILLER_0_3_3, 5.52, 16.32, 1.81178e-05
_155_, 5.52, 10.88, 2.0906e-05
PHY_0, 5.52, 10.88, 2.0906e-05
input9, 5.52, 10.88, 2.0906e-05
input15, 5.52, 10.88, 2.0906e-05
FILLER_0_1_3, 5.52, 10.88, 2.0906e-05

