OpenSTA 2.4.0 41a51eaf4c Copyright (c) 2021, Parallax Software, Inc.
License GPLv3: GNU GPL version 3 <http://gnu.org/licenses/gpl.html>

This is free software, and you are free to change and redistribute it
under certain conditions; type `show_copying' for details. 
This program comes with ABSOLUTELY NO WARRANTY; for details type `show_warranty'.
define_corners Typical
read_liberty -corner Typical /Users/nikhilshivhare/.ciel/sky130A/libs.ref/sky130_fd_sc_hd/lib/sky130_fd_sc_hd__tt_025C_1v80.lib
Using 1e-12 for capacitance...
Using 1e+03 for resistance...
Using 1e-09 for time...
Using 1e+00 for voltage...
Using 1e-03 for current...
Using 1e-09 for power...
Using 1e-06 for distance...
Reading netlist '/openlane/designs/alu/runs/RUN_2026.03.29_11.17.16/results/synthesis/alu.v'…
Reading design constraints file at '/openlane/scripts/base.sdc'…
[INFO]: Setting output delay to: 2.0
[INFO]: Setting input delay to: 2.0
Warning: base.sdc line 18, port '__VIRTUAL_CLK__' not found.
[INFO]: Setting load to: 0.033442
[INFO]: Setting clock uncertainty to: 0.25
[INFO]: Setting clock transition to: 0.15
Warning: base.sdc line 52, transition time can not be specified for virtual clocks.
[INFO]: Setting timing derate to: 5.0 %
min_report

===========================================================================
report_checks -path_delay min (Hold)
============================================================================
======================= Typical Corner ===================================

Startpoint: sel[1] (input port clocked by __VIRTUAL_CLK__)
Endpoint: y[7] (output port clocked by __VIRTUAL_CLK__)
Path Group: __VIRTUAL_CLK__
Path Type: min

Fanout     Cap    Slew   Delay    Time   Description
-----------------------------------------------------------------------------
                  0.00    0.00    0.00   clock __VIRTUAL_CLK__ (rise edge)
                          0.00    0.00   clock network delay (ideal)
                          2.00    2.00 ^ input external delay
                  0.09    0.06    2.06 ^ sel[1] (in)
     7    0.02                           sel[1] (net)
                  0.09    0.00    2.06 ^ _189_/B1 (sky130_fd_sc_hd__a311o_2)
                  0.04    0.11    2.17 ^ _189_/X (sky130_fd_sc_hd__a311o_2)
     1    0.00                           _022_ (net)
                  0.04    0.00    2.17 ^ _193_/A2 (sky130_fd_sc_hd__o21ai_2)
                  0.14    0.12    2.29 v _193_/Y (sky130_fd_sc_hd__o21ai_2)
     1    0.03                           y[7] (net)
                  0.14    0.00    2.29 v y[7] (out)
                                  2.29   data arrival time

                  0.00    0.00    0.00   clock __VIRTUAL_CLK__ (rise edge)
                          0.00    0.00   clock network delay (ideal)
                          0.25    0.25   clock uncertainty
                          0.00    0.25   clock reconvergence pessimism
                         -2.00   -1.75   output external delay
                                 -1.75   data required time
-----------------------------------------------------------------------------
                                 -1.75   data required time
                                 -2.29   data arrival time
-----------------------------------------------------------------------------
                                  4.04   slack (MET)


Startpoint: a[0] (input port clocked by __VIRTUAL_CLK__)
Endpoint: y[0] (output port clocked by __VIRTUAL_CLK__)
Path Group: __VIRTUAL_CLK__
Path Type: min

Fanout     Cap    Slew   Delay    Time   Description
-----------------------------------------------------------------------------
                  0.00    0.00    0.00   clock __VIRTUAL_CLK__ (rise edge)
                          0.00    0.00   clock network delay (ideal)
                          2.00    2.00 v input external delay
                  0.03    0.02    2.02 v a[0] (in)
     5    0.01                           a[0] (net)
                  0.03    0.00    2.02 v _098_/A (sky130_fd_sc_hd__nor2_2)
                  0.06    0.08    2.10 ^ _098_/Y (sky130_fd_sc_hd__nor2_2)
     1    0.00                           _031_ (net)
                  0.06    0.00    2.10 ^ _099_/C1 (sky130_fd_sc_hd__a311o_2)
                  0.18    0.20    2.30 ^ _099_/X (sky130_fd_sc_hd__a311o_2)
     1    0.03                           y[0] (net)
                  0.18    0.00    2.30 ^ y[0] (out)
                                  2.30   data arrival time

                  0.00    0.00    0.00   clock __VIRTUAL_CLK__ (rise edge)
                          0.00    0.00   clock network delay (ideal)
                          0.25    0.25   clock uncertainty
                          0.00    0.25   clock reconvergence pessimism
                         -2.00   -1.75   output external delay
                                 -1.75   data required time
-----------------------------------------------------------------------------
                                 -1.75   data required time
                                 -2.30   data arrival time
-----------------------------------------------------------------------------
                                  4.05   slack (MET)


Startpoint: b[1] (input port clocked by __VIRTUAL_CLK__)
Endpoint: y[1] (output port clocked by __VIRTUAL_CLK__)
Path Group: __VIRTUAL_CLK__
Path Type: min

Fanout     Cap    Slew   Delay    Time   Description
-----------------------------------------------------------------------------
                  0.00    0.00    0.00   clock __VIRTUAL_CLK__ (rise edge)
                          0.00    0.00   clock network delay (ideal)
                          2.00    2.00 ^ input external delay
                  0.07    0.05    2.05 ^ b[1] (in)
     6    0.01                           b[1] (net)
                  0.07    0.00    2.05 ^ _113_/A2 (sky130_fd_sc_hd__o22a_2)
                  0.03    0.12    2.17 ^ _113_/X (sky130_fd_sc_hd__o22a_2)
     1    0.00                           _045_ (net)
                  0.03    0.00    2.17 ^ _116_/B1 (sky130_fd_sc_hd__a211o_2)
                  0.16    0.18    2.34 ^ _116_/X (sky130_fd_sc_hd__a211o_2)
     1    0.03                           y[1] (net)
                  0.16    0.00    2.34 ^ y[1] (out)
                                  2.34   data arrival time

                  0.00    0.00    0.00   clock __VIRTUAL_CLK__ (rise edge)
                          0.00    0.00   clock network delay (ideal)
                          0.25    0.25   clock uncertainty
                          0.00    0.25   clock reconvergence pessimism
                         -2.00   -1.75   output external delay
                                 -1.75   data required time
-----------------------------------------------------------------------------
                                 -1.75   data required time
                                 -2.34   data arrival time
-----------------------------------------------------------------------------
                                  4.09   slack (MET)


Startpoint: sel[1] (input port clocked by __VIRTUAL_CLK__)
Endpoint: y[4] (output port clocked by __VIRTUAL_CLK__)
Path Group: __VIRTUAL_CLK__
Path Type: min

Fanout     Cap    Slew   Delay    Time   Description
-----------------------------------------------------------------------------
                  0.00    0.00    0.00   clock __VIRTUAL_CLK__ (rise edge)
                          0.00    0.00   clock network delay (ideal)
                          2.00    2.00 ^ input external delay
                  0.09    0.06    2.06 ^ sel[1] (in)
     7    0.02                           sel[1] (net)
                  0.09    0.00    2.06 ^ _100_/B (sky130_fd_sc_hd__nor2_2)
                  0.04    0.06    2.11 v _100_/Y (sky130_fd_sc_hd__nor2_2)
     6    0.01                           _032_ (net)
                  0.04    0.00    2.11 v _152_/A1 (sky130_fd_sc_hd__a31o_2)
                  0.10    0.26    2.37 v _152_/X (sky130_fd_sc_hd__a31o_2)
     1    0.03                           y[4] (net)
                  0.10    0.00    2.37 v y[4] (out)
                                  2.37   data arrival time

                  0.00    0.00    0.00   clock __VIRTUAL_CLK__ (rise edge)
                          0.00    0.00   clock network delay (ideal)
                          0.25    0.25   clock uncertainty
                          0.00    0.25   clock reconvergence pessimism
                         -2.00   -1.75   output external delay
                                 -1.75   data required time
-----------------------------------------------------------------------------
                                 -1.75   data required time
                                 -2.37   data arrival time
-----------------------------------------------------------------------------
                                  4.12   slack (MET)


Startpoint: sel[1] (input port clocked by __VIRTUAL_CLK__)
Endpoint: y[5] (output port clocked by __VIRTUAL_CLK__)
Path Group: __VIRTUAL_CLK__
Path Type: min

Fanout     Cap    Slew   Delay    Time   Description
-----------------------------------------------------------------------------
                  0.00    0.00    0.00   clock __VIRTUAL_CLK__ (rise edge)
                          0.00    0.00   clock network delay (ideal)
                          2.00    2.00 ^ input external delay
                  0.09    0.06    2.06 ^ sel[1] (in)
     7    0.02                           sel[1] (net)
                  0.09    0.00    2.06 ^ _100_/B (sky130_fd_sc_hd__nor2_2)
                  0.04    0.06    2.11 v _100_/Y (sky130_fd_sc_hd__nor2_2)
     6    0.01                           _032_ (net)
                  0.04    0.00    2.11 v _168_/A1 (sky130_fd_sc_hd__a31o_2)
                  0.10    0.26    2.37 v _168_/X (sky130_fd_sc_hd__a31o_2)
     1    0.03                           y[5] (net)
                  0.10    0.00    2.37 v y[5] (out)
                                  2.37   data arrival time

                  0.00    0.00    0.00   clock __VIRTUAL_CLK__ (rise edge)
                          0.00    0.00   clock network delay (ideal)
                          0.25    0.25   clock uncertainty
                          0.00    0.25   clock reconvergence pessimism
                         -2.00   -1.75   output external delay
                                 -1.75   data required time
-----------------------------------------------------------------------------
                                 -1.75   data required time
                                 -2.37   data arrival time
-----------------------------------------------------------------------------
                                  4.12   slack (MET)


Startpoint: sel[1] (input port clocked by __VIRTUAL_CLK__)
Endpoint: y[6] (output port clocked by __VIRTUAL_CLK__)
Path Group: __VIRTUAL_CLK__
Path Type: min

Fanout     Cap    Slew   Delay    Time   Description
-----------------------------------------------------------------------------
                  0.00    0.00    0.00   clock __VIRTUAL_CLK__ (rise edge)
                          0.00    0.00   clock network delay (ideal)
                          2.00    2.00 ^ input external delay
                  0.09    0.06    2.06 ^ sel[1] (in)
     7    0.02                           sel[1] (net)
                  0.09    0.00    2.06 ^ _100_/B (sky130_fd_sc_hd__nor2_2)
                  0.04    0.06    2.11 v _100_/Y (sky130_fd_sc_hd__nor2_2)
     6    0.01                           _032_ (net)
                  0.04    0.00    2.11 v _182_/A1 (sky130_fd_sc_hd__a31o_2)
                  0.10    0.26    2.37 v _182_/X (sky130_fd_sc_hd__a31o_2)
     1    0.03                           y[6] (net)
                  0.10    0.00    2.37 v y[6] (out)
                                  2.37   data arrival time

                  0.00    0.00    0.00   clock __VIRTUAL_CLK__ (rise edge)
                          0.00    0.00   clock network delay (ideal)
                          0.25    0.25   clock uncertainty
                          0.00    0.25   clock reconvergence pessimism
                         -2.00   -1.75   output external delay
                                 -1.75   data required time
-----------------------------------------------------------------------------
                                 -1.75   data required time
                                 -2.37   data arrival time
-----------------------------------------------------------------------------
                                  4.12   slack (MET)


Startpoint: b[3] (input port clocked by __VIRTUAL_CLK__)
Endpoint: y[3] (output port clocked by __VIRTUAL_CLK__)
Path Group: __VIRTUAL_CLK__
Path Type: min

Fanout     Cap    Slew   Delay    Time   Description
-----------------------------------------------------------------------------
                  0.00    0.00    0.00   clock __VIRTUAL_CLK__ (rise edge)
                          0.00    0.00   clock network delay (ideal)
                          2.00    2.00 ^ input external delay
                  0.12    0.07    2.07 ^ b[3] (in)
     6    0.02                           b[3] (net)
                  0.12    0.00    2.07 ^ _139_/A2 (sky130_fd_sc_hd__o22a_2)
                  0.03    0.13    2.21 ^ _139_/X (sky130_fd_sc_hd__o22a_2)
     1    0.00                           _069_ (net)
                  0.03    0.00    2.21 ^ _140_/C1 (sky130_fd_sc_hd__a211o_2)
                  0.16    0.17    2.38 ^ _140_/X (sky130_fd_sc_hd__a211o_2)
     1    0.03                           y[3] (net)
                  0.16    0.00    2.38 ^ y[3] (out)
                                  2.38   data arrival time

                  0.00    0.00    0.00   clock __VIRTUAL_CLK__ (rise edge)
                          0.00    0.00   clock network delay (ideal)
                          0.25    0.25   clock uncertainty
                          0.00    0.25   clock reconvergence pessimism
                         -2.00   -1.75   output external delay
                                 -1.75   data required time
-----------------------------------------------------------------------------
                                 -1.75   data required time
                                 -2.38   data arrival time
-----------------------------------------------------------------------------
                                  4.13   slack (MET)


Startpoint: a[2] (input port clocked by __VIRTUAL_CLK__)
Endpoint: y[2] (output port clocked by __VIRTUAL_CLK__)
Path Group: __VIRTUAL_CLK__
Path Type: min

Fanout     Cap    Slew   Delay    Time   Description
-----------------------------------------------------------------------------
                  0.00    0.00    0.00   clock __VIRTUAL_CLK__ (rise edge)
                          0.00    0.00   clock network delay (ideal)
                          2.00    2.00 v input external delay
                  0.06    0.04    2.04 v a[2] (in)
     7    0.03                           a[2] (net)
                  0.06    0.00    2.04 v _126_/A (sky130_fd_sc_hd__nor2_2)
                  0.06    0.09    2.13 ^ _126_/Y (sky130_fd_sc_hd__nor2_2)
     1    0.00                           _057_ (net)
                  0.06    0.00    2.13 ^ _127_/C1 (sky130_fd_sc_hd__a311o_2)
                  0.02    0.09    2.21 ^ _127_/X (sky130_fd_sc_hd__a311o_2)
     1    0.00                           _058_ (net)
                  0.02    0.00    2.21 ^ _128_/B1_N (sky130_fd_sc_hd__o21bai_2)
                  0.19    0.19    2.40 ^ _128_/Y (sky130_fd_sc_hd__o21bai_2)
     1    0.03                           y[2] (net)
                  0.19    0.00    2.40 ^ y[2] (out)
                                  2.40   data arrival time

                  0.00    0.00    0.00   clock __VIRTUAL_CLK__ (rise edge)
                          0.00    0.00   clock network delay (ideal)
                          0.25    0.25   clock uncertainty
                          0.00    0.25   clock reconvergence pessimism
                         -2.00   -1.75   output external delay
                                 -1.75   data required time
-----------------------------------------------------------------------------
                                 -1.75   data required time
                                 -2.40   data arrival time
-----------------------------------------------------------------------------
                                  4.15   slack (MET)



min_report_end
max_report

===========================================================================
report_checks -path_delay max (Setup)
============================================================================
======================= Typical Corner ===================================

Startpoint: sel[2] (input port clocked by __VIRTUAL_CLK__)
Endpoint: y[7] (output port clocked by __VIRTUAL_CLK__)
Path Group: __VIRTUAL_CLK__
Path Type: max

Fanout     Cap    Slew   Delay    Time   Description
-----------------------------------------------------------------------------
                  0.00    0.00    0.00   clock __VIRTUAL_CLK__ (rise edge)
                          0.00    0.00   clock network delay (ideal)
                          2.00    2.00 v input external delay
                  0.05    0.04    2.04 v sel[2] (in)
     7    0.02                           sel[2] (net)
                  0.05    0.00    2.04 v _101_/A (sky130_fd_sc_hd__or3b_2)
                  0.07    0.47    2.51 v _101_/X (sky130_fd_sc_hd__or3b_2)
     1    0.00                           _033_ (net)
                  0.07    0.00    2.51 v _102_/A (sky130_fd_sc_hd__buf_1)
                  0.14    0.20    2.71 v _102_/X (sky130_fd_sc_hd__buf_1)
     8    0.02                           _034_ (net)
                  0.14    0.00    2.71 v _129_/B1 (sky130_fd_sc_hd__o21a_2)
                  0.05    0.19    2.90 v _129_/X (sky130_fd_sc_hd__o21a_2)
     2    0.01                           _059_ (net)
                  0.05    0.00    2.90 v _142_/B1 (sky130_fd_sc_hd__a21o_2)
                  0.05    0.21    3.11 v _142_/X (sky130_fd_sc_hd__a21o_2)
     1    0.01                           _071_ (net)
                  0.05    0.00    3.11 v _143_/B (sky130_fd_sc_hd__xor2_2)
                  0.06    0.16    3.27 v _143_/X (sky130_fd_sc_hd__xor2_2)
     2    0.01                           _072_ (net)
                  0.06    0.00    3.27 v _154_/B (sky130_fd_sc_hd__or2_2)
                  0.07    0.31    3.59 v _154_/X (sky130_fd_sc_hd__or2_2)
     3    0.01                           _082_ (net)
                  0.07    0.00    3.59 v _169_/A (sky130_fd_sc_hd__and2_2)
                  0.04    0.19    3.77 v _169_/X (sky130_fd_sc_hd__and2_2)
     2    0.00                           _003_ (net)
                  0.04    0.00    3.77 v _175_/A2 (sky130_fd_sc_hd__a211o_2)
                  0.07    0.37    4.14 v _175_/X (sky130_fd_sc_hd__a211o_2)
     3    0.01                           _009_ (net)
                  0.07    0.00    4.14 v _189_/A2 (sky130_fd_sc_hd__a311o_2)
                  0.06    0.39    4.53 v _189_/X (sky130_fd_sc_hd__a311o_2)
     1    0.00                           _022_ (net)
                  0.06    0.00    4.53 v _193_/A2 (sky130_fd_sc_hd__o21ai_2)
                  0.40    0.35    4.88 ^ _193_/Y (sky130_fd_sc_hd__o21ai_2)
     1    0.03                           y[7] (net)
                  0.40    0.00    4.88 ^ y[7] (out)
                                  4.88   data arrival time

                  0.00   10.00   10.00   clock __VIRTUAL_CLK__ (rise edge)
                          0.00   10.00   clock network delay (ideal)
                         -0.25    9.75   clock uncertainty
                          0.00    9.75   clock reconvergence pessimism
                         -2.00    7.75   output external delay
                                  7.75   data required time
-----------------------------------------------------------------------------
                                  7.75   data required time
                                 -4.88   data arrival time
-----------------------------------------------------------------------------
                                  2.87   slack (MET)


Startpoint: sel[2] (input port clocked by __VIRTUAL_CLK__)
Endpoint: y[6] (output port clocked by __VIRTUAL_CLK__)
Path Group: __VIRTUAL_CLK__
Path Type: max

Fanout     Cap    Slew   Delay    Time   Description
-----------------------------------------------------------------------------
                  0.00    0.00    0.00   clock __VIRTUAL_CLK__ (rise edge)
                          0.00    0.00   clock network delay (ideal)
                          2.00    2.00 v input external delay
                  0.05    0.04    2.04 v sel[2] (in)
     7    0.02                           sel[2] (net)
                  0.05    0.00    2.04 v _101_/A (sky130_fd_sc_hd__or3b_2)
                  0.07    0.47    2.51 v _101_/X (sky130_fd_sc_hd__or3b_2)
     1    0.00                           _033_ (net)
                  0.07    0.00    2.51 v _102_/A (sky130_fd_sc_hd__buf_1)
                  0.14    0.20    2.71 v _102_/X (sky130_fd_sc_hd__buf_1)
     8    0.02                           _034_ (net)
                  0.14    0.00    2.71 v _129_/B1 (sky130_fd_sc_hd__o21a_2)
                  0.05    0.19    2.90 v _129_/X (sky130_fd_sc_hd__o21a_2)
     2    0.01                           _059_ (net)
                  0.05    0.00    2.90 v _142_/B1 (sky130_fd_sc_hd__a21o_2)
                  0.05    0.21    3.11 v _142_/X (sky130_fd_sc_hd__a21o_2)
     1    0.01                           _071_ (net)
                  0.05    0.00    3.11 v _143_/B (sky130_fd_sc_hd__xor2_2)
                  0.06    0.16    3.27 v _143_/X (sky130_fd_sc_hd__xor2_2)
     2    0.01                           _072_ (net)
                  0.06    0.00    3.27 v _154_/B (sky130_fd_sc_hd__or2_2)
                  0.07    0.31    3.59 v _154_/X (sky130_fd_sc_hd__or2_2)
     3    0.01                           _082_ (net)
                  0.07    0.00    3.59 v _169_/A (sky130_fd_sc_hd__and2_2)
                  0.04    0.19    3.77 v _169_/X (sky130_fd_sc_hd__and2_2)
     2    0.00                           _003_ (net)
                  0.04    0.00    3.77 v _175_/A2 (sky130_fd_sc_hd__a211o_2)
                  0.07    0.37    4.14 v _175_/X (sky130_fd_sc_hd__a211o_2)
     3    0.01                           _009_ (net)
                  0.07    0.00    4.14 v _182_/A2 (sky130_fd_sc_hd__a31o_2)
                  0.11    0.33    4.47 v _182_/X (sky130_fd_sc_hd__a31o_2)
     1    0.03                           y[6] (net)
                  0.11    0.00    4.47 v y[6] (out)
                                  4.47   data arrival time

                  0.00   10.00   10.00   clock __VIRTUAL_CLK__ (rise edge)
                          0.00   10.00   clock network delay (ideal)
                         -0.25    9.75   clock uncertainty
                          0.00    9.75   clock reconvergence pessimism
                         -2.00    7.75   output external delay
                                  7.75   data required time
-----------------------------------------------------------------------------
                                  7.75   data required time
                                 -4.47   data arrival time
-----------------------------------------------------------------------------
                                  3.28   slack (MET)


Startpoint: sel[2] (input port clocked by __VIRTUAL_CLK__)
Endpoint: y[4] (output port clocked by __VIRTUAL_CLK__)
Path Group: __VIRTUAL_CLK__
Path Type: max

Fanout     Cap    Slew   Delay    Time   Description
-----------------------------------------------------------------------------
                  0.00    0.00    0.00   clock __VIRTUAL_CLK__ (rise edge)
                          0.00    0.00   clock network delay (ideal)
                          2.00    2.00 v input external delay
                  0.05    0.04    2.04 v sel[2] (in)
     7    0.02                           sel[2] (net)
                  0.05    0.00    2.04 v _101_/A (sky130_fd_sc_hd__or3b_2)
                  0.07    0.47    2.51 v _101_/X (sky130_fd_sc_hd__or3b_2)
     1    0.00                           _033_ (net)
                  0.07    0.00    2.51 v _102_/A (sky130_fd_sc_hd__buf_1)
                  0.14    0.20    2.71 v _102_/X (sky130_fd_sc_hd__buf_1)
     8    0.02                           _034_ (net)
                  0.14    0.00    2.71 v _103_/A2 (sky130_fd_sc_hd__a21bo_2)
                  0.04    0.26    2.97 v _103_/X (sky130_fd_sc_hd__a21bo_2)
     2    0.00                           _035_ (net)
                  0.04    0.00    2.97 v _106_/A1 (sky130_fd_sc_hd__a21o_2)
                  0.04    0.20    3.17 v _106_/X (sky130_fd_sc_hd__a21o_2)
     2    0.01                           _038_ (net)
                  0.04    0.00    3.17 v _117_/A1 (sky130_fd_sc_hd__a21oi_2)
                  0.13    0.15    3.32 ^ _117_/Y (sky130_fd_sc_hd__a21oi_2)
     2    0.01                           _048_ (net)
                  0.13    0.00    3.32 ^ _122_/A (sky130_fd_sc_hd__nor2_2)
                  0.06    0.08    3.40 v _122_/Y (sky130_fd_sc_hd__nor2_2)
     4    0.01                           _053_ (net)
                  0.06    0.00    3.40 v _146_/A1 (sky130_fd_sc_hd__o21a_2)
                  0.03    0.21    3.61 v _146_/X (sky130_fd_sc_hd__o21a_2)
     1    0.00                           _075_ (net)
                  0.03    0.00    3.61 v _147_/B (sky130_fd_sc_hd__or2_2)
                  0.05    0.27    3.88 v _147_/X (sky130_fd_sc_hd__or2_2)
     1    0.00                           _076_ (net)
                  0.05    0.00    3.88 v _152_/A3 (sky130_fd_sc_hd__a31o_2)
                  0.11    0.34    4.22 v _152_/X (sky130_fd_sc_hd__a31o_2)
     1    0.03                           y[4] (net)
                  0.11    0.00    4.22 v y[4] (out)
                                  4.22   data arrival time

                  0.00   10.00   10.00   clock __VIRTUAL_CLK__ (rise edge)
                          0.00   10.00   clock network delay (ideal)
                         -0.25    9.75   clock uncertainty
                          0.00    9.75   clock reconvergence pessimism
                         -2.00    7.75   output external delay
                                  7.75   data required time
-----------------------------------------------------------------------------
                                  7.75   data required time
                                 -4.22   data arrival time
-----------------------------------------------------------------------------
                                  3.53   slack (MET)


Startpoint: sel[2] (input port clocked by __VIRTUAL_CLK__)
Endpoint: y[3] (output port clocked by __VIRTUAL_CLK__)
Path Group: __VIRTUAL_CLK__
Path Type: max

Fanout     Cap    Slew   Delay    Time   Description
-----------------------------------------------------------------------------
                  0.00    0.00    0.00   clock __VIRTUAL_CLK__ (rise edge)
                          0.00    0.00   clock network delay (ideal)
                          2.00    2.00 v input external delay
                  0.05    0.04    2.04 v sel[2] (in)
     7    0.02                           sel[2] (net)
                  0.05    0.00    2.04 v _101_/A (sky130_fd_sc_hd__or3b_2)
                  0.07    0.47    2.51 v _101_/X (sky130_fd_sc_hd__or3b_2)
     1    0.00                           _033_ (net)
                  0.07    0.00    2.51 v _102_/A (sky130_fd_sc_hd__buf_1)
                  0.14    0.20    2.71 v _102_/X (sky130_fd_sc_hd__buf_1)
     8    0.02                           _034_ (net)
                  0.14    0.00    2.71 v _103_/A2 (sky130_fd_sc_hd__a21bo_2)
                  0.04    0.26    2.97 v _103_/X (sky130_fd_sc_hd__a21bo_2)
     2    0.00                           _035_ (net)
                  0.04    0.00    2.97 v _106_/A1 (sky130_fd_sc_hd__a21o_2)
                  0.04    0.20    3.17 v _106_/X (sky130_fd_sc_hd__a21o_2)
     2    0.01                           _038_ (net)
                  0.04    0.00    3.17 v _117_/A1 (sky130_fd_sc_hd__a21oi_2)
                  0.13    0.15    3.32 ^ _117_/Y (sky130_fd_sc_hd__a21oi_2)
     2    0.01                           _048_ (net)
                  0.13    0.00    3.32 ^ _122_/A (sky130_fd_sc_hd__nor2_2)
                  0.06    0.08    3.40 v _122_/Y (sky130_fd_sc_hd__nor2_2)
     4    0.01                           _053_ (net)
                  0.06    0.00    3.40 v _134_/B1 (sky130_fd_sc_hd__a21o_2)
                  0.05    0.21    3.61 v _134_/X (sky130_fd_sc_hd__a21o_2)
     1    0.01                           _064_ (net)
                  0.05    0.00    3.61 v _135_/B (sky130_fd_sc_hd__xnor2_2)
                  0.04    0.12    3.74 v _135_/Y (sky130_fd_sc_hd__xnor2_2)
     1    0.00                           _065_ (net)
                  0.04    0.00    3.74 v _140_/A2 (sky130_fd_sc_hd__a211o_2)
                  0.12    0.44    4.18 v _140_/X (sky130_fd_sc_hd__a211o_2)
     1    0.03                           y[3] (net)
                  0.12    0.00    4.18 v y[3] (out)
                                  4.18   data arrival time

                  0.00   10.00   10.00   clock __VIRTUAL_CLK__ (rise edge)
                          0.00   10.00   clock network delay (ideal)
                         -0.25    9.75   clock uncertainty
                          0.00    9.75   clock reconvergence pessimism
                         -2.00    7.75   output external delay
                                  7.75   data required time
-----------------------------------------------------------------------------
                                  7.75   data required time
                                 -4.18   data arrival time
-----------------------------------------------------------------------------
                                  3.57   slack (MET)


Startpoint: sel[2] (input port clocked by __VIRTUAL_CLK__)
Endpoint: y[5] (output port clocked by __VIRTUAL_CLK__)
Path Group: __VIRTUAL_CLK__
Path Type: max

Fanout     Cap    Slew   Delay    Time   Description
-----------------------------------------------------------------------------
                  0.00    0.00    0.00   clock __VIRTUAL_CLK__ (rise edge)
                          0.00    0.00   clock network delay (ideal)
                          2.00    2.00 v input external delay
                  0.05    0.04    2.04 v sel[2] (in)
     7    0.02                           sel[2] (net)
                  0.05    0.00    2.04 v _101_/A (sky130_fd_sc_hd__or3b_2)
                  0.07    0.47    2.51 v _101_/X (sky130_fd_sc_hd__or3b_2)
     1    0.00                           _033_ (net)
                  0.07    0.00    2.51 v _102_/A (sky130_fd_sc_hd__buf_1)
                  0.14    0.20    2.71 v _102_/X (sky130_fd_sc_hd__buf_1)
     8    0.02                           _034_ (net)
                  0.14    0.00    2.71 v _129_/B1 (sky130_fd_sc_hd__o21a_2)
                  0.05    0.19    2.90 v _129_/X (sky130_fd_sc_hd__o21a_2)
     2    0.01                           _059_ (net)
                  0.05    0.00    2.90 v _142_/B1 (sky130_fd_sc_hd__a21o_2)
                  0.05    0.21    3.11 v _142_/X (sky130_fd_sc_hd__a21o_2)
     1    0.01                           _071_ (net)
                  0.05    0.00    3.11 v _143_/B (sky130_fd_sc_hd__xor2_2)
                  0.17    0.18    3.28 ^ _143_/X (sky130_fd_sc_hd__xor2_2)
     2    0.01                           _072_ (net)
                  0.17    0.00    3.28 ^ _144_/B (sky130_fd_sc_hd__xnor2_2)
                  0.14    0.14    3.43 ^ _144_/Y (sky130_fd_sc_hd__xnor2_2)
     2    0.01                           _073_ (net)
                  0.14    0.00    3.43 ^ _145_/B1 (sky130_fd_sc_hd__o211ai_2)
                  0.12    0.15    3.58 v _145_/Y (sky130_fd_sc_hd__o211ai_2)
     5    0.01                           _074_ (net)
                  0.12    0.00    3.58 v _162_/A2 (sky130_fd_sc_hd__a21o_2)
                  0.03    0.24    3.82 v _162_/X (sky130_fd_sc_hd__a21o_2)
     1    0.00                           _090_ (net)
                  0.03    0.00    3.82 v _168_/A2 (sky130_fd_sc_hd__a31o_2)
                  0.11    0.32    4.14 v _168_/X (sky130_fd_sc_hd__a31o_2)
     1    0.03                           y[5] (net)
                  0.11    0.00    4.14 v y[5] (out)
                                  4.14   data arrival time

                  0.00   10.00   10.00   clock __VIRTUAL_CLK__ (rise edge)
                          0.00   10.00   clock network delay (ideal)
                         -0.25    9.75   clock uncertainty
                          0.00    9.75   clock reconvergence pessimism
                         -2.00    7.75   output external delay
                                  7.75   data required time
-----------------------------------------------------------------------------
                                  7.75   data required time
                                 -4.14   data arrival time
-----------------------------------------------------------------------------
                                  3.61   slack (MET)


Startpoint: sel[2] (input port clocked by __VIRTUAL_CLK__)
Endpoint: y[1] (output port clocked by __VIRTUAL_CLK__)
Path Group: __VIRTUAL_CLK__
Path Type: max

Fanout     Cap    Slew   Delay    Time   Description
-----------------------------------------------------------------------------
                  0.00    0.00    0.00   clock __VIRTUAL_CLK__ (rise edge)
                          0.00    0.00   clock network delay (ideal)
                          2.00    2.00 v input external delay
                  0.05    0.04    2.04 v sel[2] (in)
     7    0.02                           sel[2] (net)
                  0.05    0.00    2.04 v _101_/A (sky130_fd_sc_hd__or3b_2)
                  0.07    0.47    2.51 v _101_/X (sky130_fd_sc_hd__or3b_2)
     1    0.00                           _033_ (net)
                  0.07    0.00    2.51 v _102_/A (sky130_fd_sc_hd__buf_1)
                  0.14    0.20    2.71 v _102_/X (sky130_fd_sc_hd__buf_1)
     8    0.02                           _034_ (net)
                  0.14    0.00    2.71 v _103_/A2 (sky130_fd_sc_hd__a21bo_2)
                  0.04    0.26    2.97 v _103_/X (sky130_fd_sc_hd__a21bo_2)
     2    0.00                           _035_ (net)
                  0.04    0.00    2.97 v _105_/B (sky130_fd_sc_hd__and3_2)
                  0.05    0.21    3.18 v _105_/X (sky130_fd_sc_hd__and3_2)
     2    0.01                           _037_ (net)
                  0.05    0.00    3.18 v _107_/A (sky130_fd_sc_hd__or2b_2)
                  0.07    0.32    3.50 v _107_/X (sky130_fd_sc_hd__or2b_2)
     1    0.01                           _039_ (net)
                  0.07    0.00    3.50 v _109_/A (sky130_fd_sc_hd__xnor2_2)
                  0.04    0.14    3.64 v _109_/Y (sky130_fd_sc_hd__xnor2_2)
     1    0.00                           _041_ (net)
                  0.04    0.00    3.64 v _116_/A2 (sky130_fd_sc_hd__a211o_2)
                  0.12    0.44    4.08 v _116_/X (sky130_fd_sc_hd__a211o_2)
     1    0.03                           y[1] (net)
                  0.12    0.00    4.08 v y[1] (out)
                                  4.08   data arrival time

                  0.00   10.00   10.00   clock __VIRTUAL_CLK__ (rise edge)
                          0.00   10.00   clock network delay (ideal)
                         -0.25    9.75   clock uncertainty
                          0.00    9.75   clock reconvergence pessimism
                         -2.00    7.75   output external delay
                                  7.75   data required time
-----------------------------------------------------------------------------
                                  7.75   data required time
                                 -4.08   data arrival time
-----------------------------------------------------------------------------
                                  3.67   slack (MET)


Startpoint: sel[2] (input port clocked by __VIRTUAL_CLK__)
Endpoint: y[2] (output port clocked by __VIRTUAL_CLK__)
Path Group: __VIRTUAL_CLK__
Path Type: max

Fanout     Cap    Slew   Delay    Time   Description
-----------------------------------------------------------------------------
                  0.00    0.00    0.00   clock __VIRTUAL_CLK__ (rise edge)
                          0.00    0.00   clock network delay (ideal)
                          2.00    2.00 v input external delay
                  0.05    0.04    2.04 v sel[2] (in)
     7    0.02                           sel[2] (net)
                  0.05    0.00    2.04 v _101_/A (sky130_fd_sc_hd__or3b_2)
                  0.07    0.47    2.51 v _101_/X (sky130_fd_sc_hd__or3b_2)
     1    0.00                           _033_ (net)
                  0.07    0.00    2.51 v _102_/A (sky130_fd_sc_hd__buf_1)
                  0.14    0.20    2.71 v _102_/X (sky130_fd_sc_hd__buf_1)
     8    0.02                           _034_ (net)
                  0.14    0.00    2.71 v _103_/A2 (sky130_fd_sc_hd__a21bo_2)
                  0.04    0.26    2.97 v _103_/X (sky130_fd_sc_hd__a21bo_2)
     2    0.00                           _035_ (net)
                  0.04    0.00    2.97 v _106_/A1 (sky130_fd_sc_hd__a21o_2)
                  0.04    0.20    3.17 v _106_/X (sky130_fd_sc_hd__a21o_2)
     2    0.01                           _038_ (net)
                  0.04    0.00    3.17 v _117_/A1 (sky130_fd_sc_hd__a21oi_2)
                  0.13    0.15    3.32 ^ _117_/Y (sky130_fd_sc_hd__a21oi_2)
     2    0.01                           _048_ (net)
                  0.13    0.00    3.32 ^ _122_/A (sky130_fd_sc_hd__nor2_2)
                  0.06    0.08    3.40 v _122_/Y (sky130_fd_sc_hd__nor2_2)
     4    0.01                           _053_ (net)
                  0.06    0.00    3.40 v _128_/A1 (sky130_fd_sc_hd__o21bai_2)
                  0.40    0.37    3.77 ^ _128_/Y (sky130_fd_sc_hd__o21bai_2)
     1    0.03                           y[2] (net)
                  0.40    0.00    3.77 ^ y[2] (out)
                                  3.77   data arrival time

                  0.00   10.00   10.00   clock __VIRTUAL_CLK__ (rise edge)
                          0.00   10.00   clock network delay (ideal)
                         -0.25    9.75   clock uncertainty
                          0.00    9.75   clock reconvergence pessimism
                         -2.00    7.75   output external delay
                                  7.75   data required time
-----------------------------------------------------------------------------
                                  7.75   data required time
                                 -3.77   data arrival time
-----------------------------------------------------------------------------
                                  3.98   slack (MET)


Startpoint: sel[1] (input port clocked by __VIRTUAL_CLK__)
Endpoint: y[0] (output port clocked by __VIRTUAL_CLK__)
Path Group: __VIRTUAL_CLK__
Path Type: max

Fanout     Cap    Slew   Delay    Time   Description
-----------------------------------------------------------------------------
                  0.00    0.00    0.00   clock __VIRTUAL_CLK__ (rise edge)
                          0.00    0.00   clock network delay (ideal)
                          2.00    2.00 v input external delay
                  0.04    0.03    2.03 v sel[1] (in)
     7    0.02                           sel[1] (net)
                  0.04    0.00    2.03 v _093_/B_N (sky130_fd_sc_hd__nor2b_2)
                  0.07    0.20    2.22 v _093_/Y (sky130_fd_sc_hd__nor2b_2)
     9    0.02                           _026_ (net)
                  0.07    0.00    2.22 v _094_/B (sky130_fd_sc_hd__and2_2)
                  0.07    0.25    2.47 v _094_/X (sky130_fd_sc_hd__and2_2)
     8    0.02                           _027_ (net)
                  0.07    0.00    2.47 v _096_/B1 (sky130_fd_sc_hd__o22a_2)
                  0.03    0.21    2.68 v _096_/X (sky130_fd_sc_hd__o22a_2)
     1    0.00                           _029_ (net)
                  0.03    0.00    2.68 v _099_/B1 (sky130_fd_sc_hd__a311o_2)
                  0.13    0.47    3.15 v _099_/X (sky130_fd_sc_hd__a311o_2)
     1    0.03                           y[0] (net)
                  0.13    0.00    3.15 v y[0] (out)
                                  3.15   data arrival time

                  0.00   10.00   10.00   clock __VIRTUAL_CLK__ (rise edge)
                          0.00   10.00   clock network delay (ideal)
                         -0.25    9.75   clock uncertainty
                          0.00    9.75   clock reconvergence pessimism
                         -2.00    7.75   output external delay
                                  7.75   data required time
-----------------------------------------------------------------------------
                                  7.75   data required time
                                 -3.15   data arrival time
-----------------------------------------------------------------------------
                                  4.60   slack (MET)



max_report_end
checks_report

===========================================================================
report_checks -unconstrained
===========================================================================
======================= Typical Corner ===================================

Startpoint: sel[2] (input port clocked by __VIRTUAL_CLK__)
Endpoint: y[7] (output port clocked by __VIRTUAL_CLK__)
Path Group: __VIRTUAL_CLK__
Path Type: max

Fanout     Cap    Slew   Delay    Time   Description
-----------------------------------------------------------------------------
                  0.00    0.00    0.00   clock __VIRTUAL_CLK__ (rise edge)
                          0.00    0.00   clock network delay (ideal)
                          2.00    2.00 v input external delay
                  0.05    0.04    2.04 v sel[2] (in)
     7    0.02                           sel[2] (net)
                  0.05    0.00    2.04 v _101_/A (sky130_fd_sc_hd__or3b_2)
                  0.07    0.47    2.51 v _101_/X (sky130_fd_sc_hd__or3b_2)
     1    0.00                           _033_ (net)
                  0.07    0.00    2.51 v _102_/A (sky130_fd_sc_hd__buf_1)
                  0.14    0.20    2.71 v _102_/X (sky130_fd_sc_hd__buf_1)
     8    0.02                           _034_ (net)
                  0.14    0.00    2.71 v _129_/B1 (sky130_fd_sc_hd__o21a_2)
                  0.05    0.19    2.90 v _129_/X (sky130_fd_sc_hd__o21a_2)
     2    0.01                           _059_ (net)
                  0.05    0.00    2.90 v _142_/B1 (sky130_fd_sc_hd__a21o_2)
                  0.05    0.21    3.11 v _142_/X (sky130_fd_sc_hd__a21o_2)
     1    0.01                           _071_ (net)
                  0.05    0.00    3.11 v _143_/B (sky130_fd_sc_hd__xor2_2)
                  0.06    0.16    3.27 v _143_/X (sky130_fd_sc_hd__xor2_2)
     2    0.01                           _072_ (net)
                  0.06    0.00    3.27 v _154_/B (sky130_fd_sc_hd__or2_2)
                  0.07    0.31    3.59 v _154_/X (sky130_fd_sc_hd__or2_2)
     3    0.01                           _082_ (net)
                  0.07    0.00    3.59 v _169_/A (sky130_fd_sc_hd__and2_2)
                  0.04    0.19    3.77 v _169_/X (sky130_fd_sc_hd__and2_2)
     2    0.00                           _003_ (net)
                  0.04    0.00    3.77 v _175_/A2 (sky130_fd_sc_hd__a211o_2)
                  0.07    0.37    4.14 v _175_/X (sky130_fd_sc_hd__a211o_2)
     3    0.01                           _009_ (net)
                  0.07    0.00    4.14 v _189_/A2 (sky130_fd_sc_hd__a311o_2)
                  0.06    0.39    4.53 v _189_/X (sky130_fd_sc_hd__a311o_2)
     1    0.00                           _022_ (net)
                  0.06    0.00    4.53 v _193_/A2 (sky130_fd_sc_hd__o21ai_2)
                  0.40    0.35    4.88 ^ _193_/Y (sky130_fd_sc_hd__o21ai_2)
     1    0.03                           y[7] (net)
                  0.40    0.00    4.88 ^ y[7] (out)
                                  4.88   data arrival time

                  0.00   10.00   10.00   clock __VIRTUAL_CLK__ (rise edge)
                          0.00   10.00   clock network delay (ideal)
                         -0.25    9.75   clock uncertainty
                          0.00    9.75   clock reconvergence pessimism
                         -2.00    7.75   output external delay
                                  7.75   data required time
-----------------------------------------------------------------------------
                                  7.75   data required time
                                 -4.88   data arrival time
-----------------------------------------------------------------------------
                                  2.87   slack (MET)




===========================================================================
report_checks --slack_max -0.01
============================================================================
======================= Typical Corner ===================================

No paths found.


===========================================================================
 report_check_types -max_slew -max_cap -max_fanout -violators
============================================================================
======================= Typical Corner ===================================



===========================================================================
report_parasitic_annotation -report_unannotated
============================================================================
Found 120 unannotated drivers.
 a[0]
 a[1]
 a[2]
 a[3]
 a[4]
 a[5]
 a[6]
 a[7]
 b[0]
 b[1]
 b[2]
 b[3]
 b[4]
 b[5]
 b[6]
 b[7]
 sel[0]
 sel[1]
 sel[2]
 _093_/Y
 _094_/X
 _095_/Y
 _096_/X
 _097_/Y
 _098_/Y
 _099_/X
 _100_/Y
 _101_/X
 _102_/X
 _103_/X
 _104_/Y
 _105_/X
 _106_/X
 _107_/X
 _108_/X
 _109_/Y
 _110_/X
 _111_/X
 _112_/Y
 _113_/X
 _114_/Y
 _115_/X
 _116_/X
 _117_/Y
 _118_/X
 _119_/Y
 _120_/X
 _121_/Y
 _122_/Y
 _123_/X
 _124_/Y
 _125_/X
 _126_/Y
 _127_/X
 _128_/Y
 _129_/X
 _130_/Y
 _131_/Y
 _132_/X
 _133_/Y
 _134_/X
 _135_/Y
 _136_/Y
 _137_/X
 _138_/Y
 _139_/X
 _140_/X
 _141_/X
 _142_/X
 _143_/X
 _144_/Y
 _145_/Y
 _146_/X
 _147_/X
 _148_/Y
 _149_/X
 _150_/Y
 _151_/X
 _152_/X
 _153_/Y
 _154_/X
 _155_/Y
 _156_/X
 _157_/X
 _158_/X
 _159_/X
 _160_/Y
 _161_/Y
 _162_/X
 _163_/Y
 _164_/Y
 _165_/Y
 _166_/X
 _167_/X
 _168_/X
 _169_/X
 _170_/Y
 _171_/Y
 _172_/X
 _173_/X
 _174_/Y
 _175_/X
 _176_/X
 _177_/Y
 _178_/Y
 _179_/X
 _180_/Y
 _181_/X
 _182_/X
 _183_/X
 _184_/X
 _185_/Y
 _186_/X
 _187_/Y
 _188_/Y
 _189_/X
 _190_/X
 _191_/Y
 _192_/X
 _193_/Y
Found 0 partially unannotated drivers.

===========================================================================
max slew violation count 0
max fanout violation count 0
max cap violation count 0
============================================================================

===========================================================================
check_setup -verbose -unconstrained_endpoints -multiple_clock -no_clock -no_input_delay -loops -generated_clocks
===========================================================================
checks_report_end
power_report

===========================================================================
 report_power
============================================================================
======================= Typical Corner ===================================

Group                  Internal  Switching    Leakage      Total
                          Power      Power      Power      Power (Watts)
----------------------------------------------------------------
Sequential             0.00e+00   0.00e+00   0.00e+00   0.00e+00   0.0%
Combinational          2.62e-05   2.59e-05   3.32e-10   5.21e-05 100.0%
Macro                  0.00e+00   0.00e+00   0.00e+00   0.00e+00   0.0%
Pad                    0.00e+00   0.00e+00   0.00e+00   0.00e+00   0.0%
----------------------------------------------------------------
Total                  2.62e-05   2.59e-05   3.32e-10   5.21e-05 100.0%
                          50.2%      49.8%       0.0%

power_report_end
summary_report

===========================================================================
report_tns
============================================================================
tns 0.00

===========================================================================
report_wns
============================================================================
wns 0.00

===========================================================================
report_worst_slack -max (Setup)
============================================================================
worst slack 2.87

===========================================================================
report_worst_slack -min (Hold)
============================================================================
worst slack 4.04
summary_report_end
[WARNING] Did not save OpenROAD database!
Writing SDF to '/openlane/designs/alu/runs/RUN_2026.03.29_11.17.16/results/synthesis/alu.sdf'…
