OpenROAD 41a51eaf4ca2171c92ff38afb91eb37bbd3f36da 
This program is licensed under the BSD-3 license. See the LICENSE file for details.
Components of this program may be licensed under more restrictive licenses which must be honored.
[INFO]: Reading ODB at '/openlane/designs/alu/runs/RUN_2026.03.29_11.17.16/results/floorplan/alu.odb'…
define_corners Typical
read_liberty -corner Typical /Users/nikhilshivhare/.ciel/sky130A/libs.ref/sky130_fd_sc_hd/lib/sky130_fd_sc_hd__tt_025C_1v80.lib
Using 1e-12 for capacitance...
Using 1e+03 for resistance...
Using 1e-09 for time...
Using 1e+00 for voltage...
Using 1e-03 for current...
Using 1e-09 for power...
Using 1e-06 for distance...
Reading design constraints file at '/openlane/designs/alu/runs/RUN_2026.03.29_11.17.16/tmp/floorplan/3-initial_fp.sdc'…
[INFO]: Setting RC values...
[INFO]: Setting signal min routing layer to: met1 and clock min routing layer to met3. 
[INFO]: Setting signal max routing layer to: met5 and clock max routing layer to met5. 
[INFO GPL-0002] DBU: 1000
[INFO GPL-0003] SiteSize: 460 2720
[INFO GPL-0004] CoreAreaLxLy: 5520 10880
[INFO GPL-0005] CoreAreaUxUy: 48300 51680
[INFO GPL-0006] NumInstances: 156
[INFO GPL-0007] NumPlaceInstances: 101
[INFO GPL-0008] NumFixedInstances: 55
[INFO GPL-0009] NumDummyInstances: 0
[INFO GPL-0010] NumNets: 120
[INFO GPL-0011] NumPins: 415
[INFO GPL-0012] DieAreaLxLy: 0 0
[INFO GPL-0013] DieAreaUxUy: 54160 64880
[INFO GPL-0014] CoreAreaLxLy: 5520 10880
[INFO GPL-0015] CoreAreaUxUy: 48300 51680
[INFO GPL-0016] CoreArea: 1745424000
[INFO GPL-0017] NonPlaceInstsArea: 143888000
[INFO GPL-0018] PlaceInstsArea: 929641600
[INFO GPL-0019] Util(%): 58.05
[INFO GPL-0020] StdInstsArea: 929641600
[INFO GPL-0021] MacroInstsArea: 0
[InitialPlace]  Iter: 1 CG residual: 0.00000010 HPWL: 2293680
[InitialPlace]  Iter: 2 CG residual: 0.00000009 HPWL: 2031301
[InitialPlace]  Iter: 3 CG residual: 0.00000004 HPWL: 2031870
[InitialPlace]  Iter: 4 CG residual: 0.00000004 HPWL: 2033210
[InitialPlace]  Iter: 5 CG residual: 0.00000010 HPWL: 2038608
[INFO GPL-0031] FillerInit: NumGCells: 104
[INFO GPL-0032] FillerInit: NumGNets: 120
[INFO GPL-0033] FillerInit: NumGPins: 415
[INFO GPL-0023] TargetDensity: 0.60
[INFO GPL-0024] AveragePlaceInstArea: 9204372
[INFO GPL-0025] IdealBinArea: 15340619
[INFO GPL-0026] IdealBinCnt: 113
[INFO GPL-0027] TotalBinArea: 1745424000
[INFO GPL-0028] BinCnt: 8 8
[INFO GPL-0029] BinSize: 5348 5100
[INFO GPL-0030] NumBins: 64
[NesterovSolve] Iter: 1 overflow: 0.826708 HPWL: 1481724
[INFO GPL-0100] worst slack 3.29e-09
[INFO GPL-0103] Weighted 11 nets.
[NesterovSolve] Iter: 10 overflow: 0.705095 HPWL: 1606384
[NesterovSolve] Iter: 20 overflow: 0.708818 HPWL: 1600898
[NesterovSolve] Iter: 30 overflow: 0.710166 HPWL: 1600172
[NesterovSolve] Iter: 40 overflow: 0.708899 HPWL: 1601083
[NesterovSolve] Iter: 50 overflow: 0.709249 HPWL: 1600914
[NesterovSolve] Iter: 60 overflow: 0.709083 HPWL: 1600998
[NesterovSolve] Iter: 70 overflow: 0.709023 HPWL: 1601093
[NesterovSolve] Iter: 80 overflow: 0.708492 HPWL: 1601509
[NesterovSolve] Iter: 90 overflow: 0.707985 HPWL: 1601924
[NesterovSolve] Iter: 100 overflow: 0.707139 HPWL: 1602633
[NesterovSolve] Iter: 110 overflow: 0.705648 HPWL: 1603870
[NesterovSolve] Iter: 120 overflow: 0.703298 HPWL: 1605798
[NesterovSolve] Iter: 130 overflow: 0.699544 HPWL: 1608856
[NesterovSolve] Iter: 140 overflow: 0.693489 HPWL: 1613477
[NesterovSolve] Iter: 150 overflow: 0.684744 HPWL: 1620476
[NesterovSolve] Iter: 160 overflow: 0.673687 HPWL: 1631798
[NesterovSolve] Iter: 170 overflow: 0.657824 HPWL: 1646949
[NesterovSolve] Iter: 180 overflow: 0.638056 HPWL: 1667338
[INFO GPL-0100] worst slack 3.27e-09
[INFO GPL-0103] Weighted 11 nets.
[NesterovSolve] Iter: 190 overflow: 0.609955 HPWL: 1690335
[NesterovSolve] Snapshot saved at iter = 193
[NesterovSolve] Iter: 200 overflow: 0.57723 HPWL: 1715050
[NesterovSolve] Iter: 210 overflow: 0.540841 HPWL: 1741020
[NesterovSolve] Iter: 220 overflow: 0.505177 HPWL: 1770306
[INFO GPL-0100] worst slack 3.25e-09
[INFO GPL-0103] Weighted 11 nets.
[NesterovSolve] Iter: 230 overflow: 0.461443 HPWL: 1795684
[NesterovSolve] Iter: 240 overflow: 0.414391 HPWL: 1820548
[NesterovSolve] Iter: 250 overflow: 0.363764 HPWL: 1838481
[NesterovSolve] Iter: 260 overflow: 0.324768 HPWL: 1850679
[NesterovSolve] Iter: 270 overflow: 0.288034 HPWL: 1859159
[INFO GPL-0100] worst slack 3.23e-09
[INFO GPL-0103] Weighted 11 nets.
[NesterovSolve] Iter: 280 overflow: 0.25078 HPWL: 1863986
[NesterovSolve] Iter: 290 overflow: 0.211401 HPWL: 1870749
[INFO GPL-0100] worst slack 3.23e-09
[INFO GPL-0103] Weighted 11 nets.
[INFO GPL-0075] Routability numCall: 1 inflationIterCnt: 1 bloatIterCnt: 0
[INFO GPL-0036] TileLxLy: 0 0
[INFO GPL-0037] TileSize: 6900 6900
[INFO GPL-0038] TileCnt: 7 9
[INFO GPL-0039] numRoutingLayers: 6
[INFO GPL-0040] NumTiles: 63
[INFO GPL-0063] TotalRouteOverflowH2: 0.0
[INFO GPL-0064] TotalRouteOverflowV2: 0.0
[INFO GPL-0065] OverflowTileCnt2: 0
[INFO GPL-0066] 0.5%RC: 1.0
[INFO GPL-0067] 1.0%RC: 1.0
[INFO GPL-0068] 2.0%RC: 1.0
[INFO GPL-0069] 5.0%RC: 0.985714282308306
[INFO GPL-0070] 0.5rcK: 1.0
[INFO GPL-0071] 1.0rcK: 1.0
[INFO GPL-0072] 2.0rcK: 0.0
[INFO GPL-0073] 5.0rcK: 0.0
[INFO GPL-0074] FinalRC: 1.0
[NesterovSolve] Iter: 300 overflow: 0.175093 HPWL: 1872401
[NesterovSolve] Iter: 310 overflow: 0.146575 HPWL: 1875225
[INFO GPL-0100] worst slack 3.23e-09
[INFO GPL-0103] Weighted 11 nets.
[NesterovSolve] Iter: 320 overflow: 0.121101 HPWL: 1888693
[NesterovSolve] Iter: 330 overflow: 0.100001 HPWL: 1898856
[NesterovSolve] Finished with Overflow: 0.097250
Setting global connections for newly added cells…
Writing OpenROAD database to '/openlane/designs/alu/runs/RUN_2026.03.29_11.17.16/tmp/placement/7-global.odb'…
Writing netlist to '/openlane/designs/alu/runs/RUN_2026.03.29_11.17.16/tmp/placement/7-global.nl.v'…
Writing powered netlist to '/openlane/designs/alu/runs/RUN_2026.03.29_11.17.16/tmp/placement/7-global.pnl.v'…
Writing layout to '/openlane/designs/alu/runs/RUN_2026.03.29_11.17.16/tmp/placement/7-global.def'…
