OpenROAD 41a51eaf4ca2171c92ff38afb91eb37bbd3f36da 
This program is licensed under the BSD-3 license. See the LICENSE file for details.
Components of this program may be licensed under more restrictive licenses which must be honored.
[INFO]: Reading ODB at '/openlane/designs/alu/runs/RUN_2026.03.29_11.17.16/tmp/placement/7-global.odb'…
define_corners Typical
read_liberty -corner Typical /Users/nikhilshivhare/.ciel/sky130A/libs.ref/sky130_fd_sc_hd/lib/sky130_fd_sc_hd__tt_025C_1v80.lib
Using 1e-12 for capacitance...
Using 1e+03 for resistance...
Using 1e-09 for time...
Using 1e+00 for voltage...
Using 1e-03 for current...
Using 1e-09 for power...
Using 1e-06 for distance...
Reading design constraints file at '/openlane/designs/alu/runs/RUN_2026.03.29_11.17.16/tmp/floorplan/3-initial_fp.sdc'…
[INFO]: Setting RC values...
min_report

===========================================================================
report_checks -path_delay min (Hold)
============================================================================
======================= Typical Corner ===================================

Startpoint: sel[1] (input port clocked by __VIRTUAL_CLK__)
Endpoint: y[7] (output port clocked by __VIRTUAL_CLK__)
Path Group: __VIRTUAL_CLK__
Path Type: min

Fanout     Cap    Slew   Delay    Time   Description
-----------------------------------------------------------------------------
                  0.00    0.00    0.00   clock __VIRTUAL_CLK__ (rise edge)
                          0.00    0.00   clock network delay (ideal)
                          2.00    2.00 ^ input external delay
                  0.10    0.06    2.06 ^ sel[1] (in)
     7    0.02                           sel[1] (net)
                  0.10    0.00    2.06 ^ _189_/B1 (sky130_fd_sc_hd__a311o_2)
                  0.04    0.12    2.18 ^ _189_/X (sky130_fd_sc_hd__a311o_2)
     1    0.01                           _022_ (net)
                  0.04    0.00    2.18 ^ _193_/A2 (sky130_fd_sc_hd__o21ai_2)
                  0.14    0.12    2.31 v _193_/Y (sky130_fd_sc_hd__o21ai_2)
     1    0.03                           y[7] (net)
                  0.14    0.00    2.31 v y[7] (out)
                                  2.31   data arrival time

                  0.00    0.00    0.00   clock __VIRTUAL_CLK__ (rise edge)
                          0.00    0.00   clock network delay (ideal)
                          0.25    0.25   clock uncertainty
                          0.00    0.25   clock reconvergence pessimism
                         -2.00   -1.75   output external delay
                                 -1.75   data required time
-----------------------------------------------------------------------------
                                 -1.75   data required time
                                 -2.31   data arrival time
-----------------------------------------------------------------------------
                                  4.06   slack (MET)


Startpoint: a[0] (input port clocked by __VIRTUAL_CLK__)
Endpoint: y[0] (output port clocked by __VIRTUAL_CLK__)
Path Group: __VIRTUAL_CLK__
Path Type: min

Fanout     Cap    Slew   Delay    Time   Description
-----------------------------------------------------------------------------
                  0.00    0.00    0.00   clock __VIRTUAL_CLK__ (rise edge)
                          0.00    0.00   clock network delay (ideal)
                          2.00    2.00 v input external delay
                  0.04    0.03    2.03 v a[0] (in)
     5    0.02                           a[0] (net)
                  0.04    0.00    2.03 v _098_/A (sky130_fd_sc_hd__nor2_2)
                  0.06    0.08    2.11 ^ _098_/Y (sky130_fd_sc_hd__nor2_2)
     1    0.00                           _031_ (net)
                  0.06    0.00    2.11 ^ _099_/C1 (sky130_fd_sc_hd__a311o_2)
                  0.18    0.21    2.32 ^ _099_/X (sky130_fd_sc_hd__a311o_2)
     1    0.03                           y[0] (net)
                  0.18    0.00    2.32 ^ y[0] (out)
                                  2.32   data arrival time

                  0.00    0.00    0.00   clock __VIRTUAL_CLK__ (rise edge)
                          0.00    0.00   clock network delay (ideal)
                          0.25    0.25   clock uncertainty
                          0.00    0.25   clock reconvergence pessimism
                         -2.00   -1.75   output external delay
                                 -1.75   data required time
-----------------------------------------------------------------------------
                                 -1.75   data required time
                                 -2.32   data arrival time
-----------------------------------------------------------------------------
                                  4.07   slack (MET)


Startpoint: b[1] (input port clocked by __VIRTUAL_CLK__)
Endpoint: y[1] (output port clocked by __VIRTUAL_CLK__)
Path Group: __VIRTUAL_CLK__
Path Type: min

Fanout     Cap    Slew   Delay    Time   Description
-----------------------------------------------------------------------------
                  0.00    0.00    0.00   clock __VIRTUAL_CLK__ (rise edge)
                          0.00    0.00   clock network delay (ideal)
                          2.00    2.00 ^ input external delay
                  0.09    0.06    2.06 ^ b[1] (in)
     6    0.02                           b[1] (net)
                  0.09    0.00    2.06 ^ _113_/A2 (sky130_fd_sc_hd__o22a_2)
                  0.03    0.13    2.18 ^ _113_/X (sky130_fd_sc_hd__o22a_2)
     1    0.00                           _045_ (net)
                  0.03    0.00    2.18 ^ _116_/B1 (sky130_fd_sc_hd__a211o_2)
                  0.17    0.18    2.36 ^ _116_/X (sky130_fd_sc_hd__a211o_2)
     1    0.03                           y[1] (net)
                  0.17    0.00    2.36 ^ y[1] (out)
                                  2.36   data arrival time

                  0.00    0.00    0.00   clock __VIRTUAL_CLK__ (rise edge)
                          0.00    0.00   clock network delay (ideal)
                          0.25    0.25   clock uncertainty
                          0.00    0.25   clock reconvergence pessimism
                         -2.00   -1.75   output external delay
                                 -1.75   data required time
-----------------------------------------------------------------------------
                                 -1.75   data required time
                                 -2.36   data arrival time
-----------------------------------------------------------------------------
                                  4.11   slack (MET)


Startpoint: a[3] (input port clocked by __VIRTUAL_CLK__)
Endpoint: y[3] (output port clocked by __VIRTUAL_CLK__)
Path Group: __VIRTUAL_CLK__
Path Type: min

Fanout     Cap    Slew   Delay    Time   Description
-----------------------------------------------------------------------------
                  0.00    0.00    0.00   clock __VIRTUAL_CLK__ (rise edge)
                          0.00    0.00   clock network delay (ideal)
                          2.00    2.00 v input external delay
                  0.05    0.03    2.03 v a[3] (in)
     7    0.02                           a[3] (net)
                  0.05    0.00    2.03 v _136_/A (sky130_fd_sc_hd__nor2_2)
                  0.06    0.09    2.12 ^ _136_/Y (sky130_fd_sc_hd__nor2_2)
     1    0.00                           _066_ (net)
                  0.06    0.00    2.12 ^ _137_/B1 (sky130_fd_sc_hd__a31o_2)
                  0.03    0.09    2.21 ^ _137_/X (sky130_fd_sc_hd__a31o_2)
     1    0.00                           _067_ (net)
                  0.03    0.00    2.21 ^ _140_/B1 (sky130_fd_sc_hd__a211o_2)
                  0.17    0.18    2.40 ^ _140_/X (sky130_fd_sc_hd__a211o_2)
     1    0.04                           y[3] (net)
                  0.17    0.00    2.40 ^ y[3] (out)
                                  2.40   data arrival time

                  0.00    0.00    0.00   clock __VIRTUAL_CLK__ (rise edge)
                          0.00    0.00   clock network delay (ideal)
                          0.25    0.25   clock uncertainty
                          0.00    0.25   clock reconvergence pessimism
                         -2.00   -1.75   output external delay
                                 -1.75   data required time
-----------------------------------------------------------------------------
                                 -1.75   data required time
                                 -2.40   data arrival time
-----------------------------------------------------------------------------
                                  4.15   slack (MET)


Startpoint: sel[1] (input port clocked by __VIRTUAL_CLK__)
Endpoint: y[5] (output port clocked by __VIRTUAL_CLK__)
Path Group: __VIRTUAL_CLK__
Path Type: min

Fanout     Cap    Slew   Delay    Time   Description
-----------------------------------------------------------------------------
                  0.00    0.00    0.00   clock __VIRTUAL_CLK__ (rise edge)
                          0.00    0.00   clock network delay (ideal)
                          2.00    2.00 ^ input external delay
                  0.10    0.06    2.06 ^ sel[1] (in)
     7    0.02                           sel[1] (net)
                  0.10    0.00    2.06 ^ _100_/B (sky130_fd_sc_hd__nor2_2)
                  0.06    0.07    2.14 v _100_/Y (sky130_fd_sc_hd__nor2_2)
     6    0.02                           _032_ (net)
                  0.06    0.00    2.14 v _168_/A1 (sky130_fd_sc_hd__a31o_2)
                  0.10    0.27    2.40 v _168_/X (sky130_fd_sc_hd__a31o_2)
     1    0.03                           y[5] (net)
                  0.10    0.00    2.40 v y[5] (out)
                                  2.40   data arrival time

                  0.00    0.00    0.00   clock __VIRTUAL_CLK__ (rise edge)
                          0.00    0.00   clock network delay (ideal)
                          0.25    0.25   clock uncertainty
                          0.00    0.25   clock reconvergence pessimism
                         -2.00   -1.75   output external delay
                                 -1.75   data required time
-----------------------------------------------------------------------------
                                 -1.75   data required time
                                 -2.40   data arrival time
-----------------------------------------------------------------------------
                                  4.15   slack (MET)


Startpoint: sel[1] (input port clocked by __VIRTUAL_CLK__)
Endpoint: y[4] (output port clocked by __VIRTUAL_CLK__)
Path Group: __VIRTUAL_CLK__
Path Type: min

Fanout     Cap    Slew   Delay    Time   Description
-----------------------------------------------------------------------------
                  0.00    0.00    0.00   clock __VIRTUAL_CLK__ (rise edge)
                          0.00    0.00   clock network delay (ideal)
                          2.00    2.00 ^ input external delay
                  0.10    0.06    2.06 ^ sel[1] (in)
     7    0.02                           sel[1] (net)
                  0.10    0.00    2.06 ^ _100_/B (sky130_fd_sc_hd__nor2_2)
                  0.06    0.07    2.14 v _100_/Y (sky130_fd_sc_hd__nor2_2)
     6    0.02                           _032_ (net)
                  0.06    0.00    2.14 v _152_/A1 (sky130_fd_sc_hd__a31o_2)
                  0.11    0.27    2.41 v _152_/X (sky130_fd_sc_hd__a31o_2)
     1    0.04                           y[4] (net)
                  0.11    0.00    2.41 v y[4] (out)
                                  2.41   data arrival time

                  0.00    0.00    0.00   clock __VIRTUAL_CLK__ (rise edge)
                          0.00    0.00   clock network delay (ideal)
                          0.25    0.25   clock uncertainty
                          0.00    0.25   clock reconvergence pessimism
                         -2.00   -1.75   output external delay
                                 -1.75   data required time
-----------------------------------------------------------------------------
                                 -1.75   data required time
                                 -2.41   data arrival time
-----------------------------------------------------------------------------
                                  4.16   slack (MET)


Startpoint: sel[1] (input port clocked by __VIRTUAL_CLK__)
Endpoint: y[6] (output port clocked by __VIRTUAL_CLK__)
Path Group: __VIRTUAL_CLK__
Path Type: min

Fanout     Cap    Slew   Delay    Time   Description
-----------------------------------------------------------------------------
                  0.00    0.00    0.00   clock __VIRTUAL_CLK__ (rise edge)
                          0.00    0.00   clock network delay (ideal)
                          2.00    2.00 ^ input external delay
                  0.10    0.06    2.06 ^ sel[1] (in)
     7    0.02                           sel[1] (net)
                  0.10    0.00    2.06 ^ _100_/B (sky130_fd_sc_hd__nor2_2)
                  0.06    0.07    2.14 v _100_/Y (sky130_fd_sc_hd__nor2_2)
     6    0.02                           _032_ (net)
                  0.06    0.00    2.14 v _182_/A1 (sky130_fd_sc_hd__a31o_2)
                  0.11    0.27    2.41 v _182_/X (sky130_fd_sc_hd__a31o_2)
     1    0.04                           y[6] (net)
                  0.11    0.00    2.41 v y[6] (out)
                                  2.41   data arrival time

                  0.00    0.00    0.00   clock __VIRTUAL_CLK__ (rise edge)
                          0.00    0.00   clock network delay (ideal)
                          0.25    0.25   clock uncertainty
                          0.00    0.25   clock reconvergence pessimism
                         -2.00   -1.75   output external delay
                                 -1.75   data required time
-----------------------------------------------------------------------------
                                 -1.75   data required time
                                 -2.41   data arrival time
-----------------------------------------------------------------------------
                                  4.16   slack (MET)


Startpoint: a[2] (input port clocked by __VIRTUAL_CLK__)
Endpoint: y[2] (output port clocked by __VIRTUAL_CLK__)
Path Group: __VIRTUAL_CLK__
Path Type: min

Fanout     Cap    Slew   Delay    Time   Description
-----------------------------------------------------------------------------
                  0.00    0.00    0.00   clock __VIRTUAL_CLK__ (rise edge)
                          0.00    0.00   clock network delay (ideal)
                          2.00    2.00 v input external delay
                  0.07    0.05    2.05 v a[2] (in)
     7    0.03                           a[2] (net)
                  0.07    0.00    2.05 v _126_/A (sky130_fd_sc_hd__nor2_2)
                  0.06    0.09    2.14 ^ _126_/Y (sky130_fd_sc_hd__nor2_2)
     1    0.00                           _057_ (net)
                  0.06    0.00    2.14 ^ _127_/C1 (sky130_fd_sc_hd__a311o_2)
                  0.03    0.09    2.23 ^ _127_/X (sky130_fd_sc_hd__a311o_2)
     1    0.00                           _058_ (net)
                  0.03    0.00    2.23 ^ _128_/B1_N (sky130_fd_sc_hd__o21bai_2)
                  0.19    0.19    2.42 ^ _128_/Y (sky130_fd_sc_hd__o21bai_2)
     1    0.03                           y[2] (net)
                  0.19    0.00    2.42 ^ y[2] (out)
                                  2.42   data arrival time

                  0.00    0.00    0.00   clock __VIRTUAL_CLK__ (rise edge)
                          0.00    0.00   clock network delay (ideal)
                          0.25    0.25   clock uncertainty
                          0.00    0.25   clock reconvergence pessimism
                         -2.00   -1.75   output external delay
                                 -1.75   data required time
-----------------------------------------------------------------------------
                                 -1.75   data required time
                                 -2.42   data arrival time
-----------------------------------------------------------------------------
                                  4.17   slack (MET)



min_report_end
max_report

===========================================================================
report_checks -path_delay max (Setup)
============================================================================
======================= Typical Corner ===================================

Startpoint: sel[0] (input port clocked by __VIRTUAL_CLK__)
Endpoint: y[7] (output port clocked by __VIRTUAL_CLK__)
Path Group: __VIRTUAL_CLK__
Path Type: max

Fanout     Cap    Slew   Delay    Time   Description
-----------------------------------------------------------------------------
                  0.00    0.00    0.00   clock __VIRTUAL_CLK__ (rise edge)
                          0.00    0.00   clock network delay (ideal)
                          2.00    2.00 ^ input external delay
                  0.09    0.07    2.07 ^ sel[0] (in)
     5    0.02                           sel[0] (net)
                  0.09    0.00    2.07 ^ _101_/C_N (sky130_fd_sc_hd__or3b_2)
                  0.07    0.46    2.53 v _101_/X (sky130_fd_sc_hd__or3b_2)
     1    0.00                           _033_ (net)
                  0.07    0.00    2.53 v _102_/A (sky130_fd_sc_hd__buf_1)
                  0.16    0.22    2.74 v _102_/X (sky130_fd_sc_hd__buf_1)
     8    0.03                           _034_ (net)
                  0.16    0.00    2.74 v _129_/B1 (sky130_fd_sc_hd__o21a_2)
                  0.05    0.20    2.94 v _129_/X (sky130_fd_sc_hd__o21a_2)
     2    0.01                           _059_ (net)
                  0.05    0.00    2.94 v _142_/B1 (sky130_fd_sc_hd__a21o_2)
                  0.05    0.21    3.15 v _142_/X (sky130_fd_sc_hd__a21o_2)
     1    0.01                           _071_ (net)
                  0.05    0.00    3.15 v _143_/B (sky130_fd_sc_hd__xor2_2)
                  0.07    0.16    3.32 v _143_/X (sky130_fd_sc_hd__xor2_2)
     2    0.01                           _072_ (net)
                  0.07    0.00    3.32 v _154_/B (sky130_fd_sc_hd__or2_2)
                  0.07    0.32    3.64 v _154_/X (sky130_fd_sc_hd__or2_2)
     3    0.01                           _082_ (net)
                  0.07    0.00    3.64 v _169_/A (sky130_fd_sc_hd__and2_2)
                  0.04    0.19    3.83 v _169_/X (sky130_fd_sc_hd__and2_2)
     2    0.00                           _003_ (net)
                  0.04    0.00    3.83 v _175_/A2 (sky130_fd_sc_hd__a211o_2)
                  0.07    0.37    4.20 v _175_/X (sky130_fd_sc_hd__a211o_2)
     3    0.01                           _009_ (net)
                  0.07    0.00    4.20 v _189_/A2 (sky130_fd_sc_hd__a311o_2)
                  0.06    0.39    4.59 v _189_/X (sky130_fd_sc_hd__a311o_2)
     1    0.00                           _022_ (net)
                  0.06    0.00    4.59 v _193_/A2 (sky130_fd_sc_hd__o21ai_2)
                  0.40    0.36    4.95 ^ _193_/Y (sky130_fd_sc_hd__o21ai_2)
     1    0.03                           y[7] (net)
                  0.40    0.00    4.95 ^ y[7] (out)
                                  4.95   data arrival time

                  0.00   10.00   10.00   clock __VIRTUAL_CLK__ (rise edge)
                          0.00   10.00   clock network delay (ideal)
                         -0.25    9.75   clock uncertainty
                          0.00    9.75   clock reconvergence pessimism
                         -2.00    7.75   output external delay
                                  7.75   data required time
-----------------------------------------------------------------------------
                                  7.75   data required time
                                 -4.95   data arrival time
-----------------------------------------------------------------------------
                                  2.80   slack (MET)


Startpoint: sel[0] (input port clocked by __VIRTUAL_CLK__)
Endpoint: y[6] (output port clocked by __VIRTUAL_CLK__)
Path Group: __VIRTUAL_CLK__
Path Type: max

Fanout     Cap    Slew   Delay    Time   Description
-----------------------------------------------------------------------------
                  0.00    0.00    0.00   clock __VIRTUAL_CLK__ (rise edge)
                          0.00    0.00   clock network delay (ideal)
                          2.00    2.00 ^ input external delay
                  0.09    0.07    2.07 ^ sel[0] (in)
     5    0.02                           sel[0] (net)
                  0.09    0.00    2.07 ^ _101_/C_N (sky130_fd_sc_hd__or3b_2)
                  0.07    0.46    2.53 v _101_/X (sky130_fd_sc_hd__or3b_2)
     1    0.00                           _033_ (net)
                  0.07    0.00    2.53 v _102_/A (sky130_fd_sc_hd__buf_1)
                  0.16    0.22    2.74 v _102_/X (sky130_fd_sc_hd__buf_1)
     8    0.03                           _034_ (net)
                  0.16    0.00    2.74 v _129_/B1 (sky130_fd_sc_hd__o21a_2)
                  0.05    0.20    2.94 v _129_/X (sky130_fd_sc_hd__o21a_2)
     2    0.01                           _059_ (net)
                  0.05    0.00    2.94 v _142_/B1 (sky130_fd_sc_hd__a21o_2)
                  0.05    0.21    3.15 v _142_/X (sky130_fd_sc_hd__a21o_2)
     1    0.01                           _071_ (net)
                  0.05    0.00    3.15 v _143_/B (sky130_fd_sc_hd__xor2_2)
                  0.07    0.16    3.32 v _143_/X (sky130_fd_sc_hd__xor2_2)
     2    0.01                           _072_ (net)
                  0.07    0.00    3.32 v _154_/B (sky130_fd_sc_hd__or2_2)
                  0.07    0.32    3.64 v _154_/X (sky130_fd_sc_hd__or2_2)
     3    0.01                           _082_ (net)
                  0.07    0.00    3.64 v _169_/A (sky130_fd_sc_hd__and2_2)
                  0.04    0.19    3.83 v _169_/X (sky130_fd_sc_hd__and2_2)
     2    0.00                           _003_ (net)
                  0.04    0.00    3.83 v _175_/A2 (sky130_fd_sc_hd__a211o_2)
                  0.07    0.37    4.20 v _175_/X (sky130_fd_sc_hd__a211o_2)
     3    0.01                           _009_ (net)
                  0.07    0.00    4.20 v _182_/A2 (sky130_fd_sc_hd__a31o_2)
                  0.11    0.34    4.54 v _182_/X (sky130_fd_sc_hd__a31o_2)
     1    0.04                           y[6] (net)
                  0.11    0.00    4.55 v y[6] (out)
                                  4.55   data arrival time

                  0.00   10.00   10.00   clock __VIRTUAL_CLK__ (rise edge)
                          0.00   10.00   clock network delay (ideal)
                         -0.25    9.75   clock uncertainty
                          0.00    9.75   clock reconvergence pessimism
                         -2.00    7.75   output external delay
                                  7.75   data required time
-----------------------------------------------------------------------------
                                  7.75   data required time
                                 -4.55   data arrival time
-----------------------------------------------------------------------------
                                  3.20   slack (MET)


Startpoint: sel[0] (input port clocked by __VIRTUAL_CLK__)
Endpoint: y[4] (output port clocked by __VIRTUAL_CLK__)
Path Group: __VIRTUAL_CLK__
Path Type: max

Fanout     Cap    Slew   Delay    Time   Description
-----------------------------------------------------------------------------
                  0.00    0.00    0.00   clock __VIRTUAL_CLK__ (rise edge)
                          0.00    0.00   clock network delay (ideal)
                          2.00    2.00 ^ input external delay
                  0.09    0.07    2.07 ^ sel[0] (in)
     5    0.02                           sel[0] (net)
                  0.09    0.00    2.07 ^ _101_/C_N (sky130_fd_sc_hd__or3b_2)
                  0.07    0.46    2.53 v _101_/X (sky130_fd_sc_hd__or3b_2)
     1    0.00                           _033_ (net)
                  0.07    0.00    2.53 v _102_/A (sky130_fd_sc_hd__buf_1)
                  0.16    0.22    2.74 v _102_/X (sky130_fd_sc_hd__buf_1)
     8    0.03                           _034_ (net)
                  0.16    0.00    2.74 v _103_/A2 (sky130_fd_sc_hd__a21bo_2)
                  0.04    0.27    3.01 v _103_/X (sky130_fd_sc_hd__a21bo_2)
     2    0.00                           _035_ (net)
                  0.04    0.00    3.01 v _106_/A1 (sky130_fd_sc_hd__a21o_2)
                  0.04    0.20    3.21 v _106_/X (sky130_fd_sc_hd__a21o_2)
     2    0.01                           _038_ (net)
                  0.04    0.00    3.21 v _117_/A1 (sky130_fd_sc_hd__a21oi_2)
                  0.13    0.15    3.37 ^ _117_/Y (sky130_fd_sc_hd__a21oi_2)
     2    0.01                           _048_ (net)
                  0.13    0.00    3.37 ^ _122_/A (sky130_fd_sc_hd__nor2_2)
                  0.06    0.09    3.46 v _122_/Y (sky130_fd_sc_hd__nor2_2)
     4    0.02                           _053_ (net)
                  0.06    0.00    3.46 v _146_/A1 (sky130_fd_sc_hd__o21a_2)
                  0.03    0.21    3.67 v _146_/X (sky130_fd_sc_hd__o21a_2)
     1    0.00                           _075_ (net)
                  0.03    0.00    3.67 v _147_/B (sky130_fd_sc_hd__or2_2)
                  0.05    0.27    3.94 v _147_/X (sky130_fd_sc_hd__or2_2)
     1    0.00                           _076_ (net)
                  0.05    0.00    3.94 v _152_/A3 (sky130_fd_sc_hd__a31o_2)
                  0.11    0.35    4.29 v _152_/X (sky130_fd_sc_hd__a31o_2)
     1    0.04                           y[4] (net)
                  0.11    0.00    4.29 v y[4] (out)
                                  4.29   data arrival time

                  0.00   10.00   10.00   clock __VIRTUAL_CLK__ (rise edge)
                          0.00   10.00   clock network delay (ideal)
                         -0.25    9.75   clock uncertainty
                          0.00    9.75   clock reconvergence pessimism
                         -2.00    7.75   output external delay
                                  7.75   data required time
-----------------------------------------------------------------------------
                                  7.75   data required time
                                 -4.29   data arrival time
-----------------------------------------------------------------------------
                                  3.46   slack (MET)


Startpoint: sel[0] (input port clocked by __VIRTUAL_CLK__)
Endpoint: y[3] (output port clocked by __VIRTUAL_CLK__)
Path Group: __VIRTUAL_CLK__
Path Type: max

Fanout     Cap    Slew   Delay    Time   Description
-----------------------------------------------------------------------------
                  0.00    0.00    0.00   clock __VIRTUAL_CLK__ (rise edge)
                          0.00    0.00   clock network delay (ideal)
                          2.00    2.00 ^ input external delay
                  0.09    0.07    2.07 ^ sel[0] (in)
     5    0.02                           sel[0] (net)
                  0.09    0.00    2.07 ^ _101_/C_N (sky130_fd_sc_hd__or3b_2)
                  0.07    0.46    2.53 v _101_/X (sky130_fd_sc_hd__or3b_2)
     1    0.00                           _033_ (net)
                  0.07    0.00    2.53 v _102_/A (sky130_fd_sc_hd__buf_1)
                  0.16    0.22    2.74 v _102_/X (sky130_fd_sc_hd__buf_1)
     8    0.03                           _034_ (net)
                  0.16    0.00    2.74 v _103_/A2 (sky130_fd_sc_hd__a21bo_2)
                  0.04    0.27    3.01 v _103_/X (sky130_fd_sc_hd__a21bo_2)
     2    0.00                           _035_ (net)
                  0.04    0.00    3.01 v _106_/A1 (sky130_fd_sc_hd__a21o_2)
                  0.04    0.20    3.21 v _106_/X (sky130_fd_sc_hd__a21o_2)
     2    0.01                           _038_ (net)
                  0.04    0.00    3.21 v _117_/A1 (sky130_fd_sc_hd__a21oi_2)
                  0.13    0.15    3.37 ^ _117_/Y (sky130_fd_sc_hd__a21oi_2)
     2    0.01                           _048_ (net)
                  0.13    0.00    3.37 ^ _122_/A (sky130_fd_sc_hd__nor2_2)
                  0.06    0.09    3.46 v _122_/Y (sky130_fd_sc_hd__nor2_2)
     4    0.02                           _053_ (net)
                  0.06    0.00    3.46 v _134_/B1 (sky130_fd_sc_hd__a21o_2)
                  0.05    0.21    3.67 v _134_/X (sky130_fd_sc_hd__a21o_2)
     1    0.01                           _064_ (net)
                  0.05    0.00    3.67 v _135_/B (sky130_fd_sc_hd__xnor2_2)
                  0.04    0.12    3.80 v _135_/Y (sky130_fd_sc_hd__xnor2_2)
     1    0.00                           _065_ (net)
                  0.04    0.00    3.80 v _140_/A2 (sky130_fd_sc_hd__a211o_2)
                  0.13    0.45    4.24 v _140_/X (sky130_fd_sc_hd__a211o_2)
     1    0.04                           y[3] (net)
                  0.13    0.00    4.24 v y[3] (out)
                                  4.24   data arrival time

                  0.00   10.00   10.00   clock __VIRTUAL_CLK__ (rise edge)
                          0.00   10.00   clock network delay (ideal)
                         -0.25    9.75   clock uncertainty
                          0.00    9.75   clock reconvergence pessimism
                         -2.00    7.75   output external delay
                                  7.75   data required time
-----------------------------------------------------------------------------
                                  7.75   data required time
                                 -4.24   data arrival time
-----------------------------------------------------------------------------
                                  3.51   slack (MET)


Startpoint: sel[0] (input port clocked by __VIRTUAL_CLK__)
Endpoint: y[5] (output port clocked by __VIRTUAL_CLK__)
Path Group: __VIRTUAL_CLK__
Path Type: max

Fanout     Cap    Slew   Delay    Time   Description
-----------------------------------------------------------------------------
                  0.00    0.00    0.00   clock __VIRTUAL_CLK__ (rise edge)
                          0.00    0.00   clock network delay (ideal)
                          2.00    2.00 ^ input external delay
                  0.09    0.07    2.07 ^ sel[0] (in)
     5    0.02                           sel[0] (net)
                  0.09    0.00    2.07 ^ _101_/C_N (sky130_fd_sc_hd__or3b_2)
                  0.07    0.46    2.53 v _101_/X (sky130_fd_sc_hd__or3b_2)
     1    0.00                           _033_ (net)
                  0.07    0.00    2.53 v _102_/A (sky130_fd_sc_hd__buf_1)
                  0.16    0.22    2.74 v _102_/X (sky130_fd_sc_hd__buf_1)
     8    0.03                           _034_ (net)
                  0.16    0.00    2.74 v _129_/B1 (sky130_fd_sc_hd__o21a_2)
                  0.05    0.20    2.94 v _129_/X (sky130_fd_sc_hd__o21a_2)
     2    0.01                           _059_ (net)
                  0.05    0.00    2.94 v _142_/B1 (sky130_fd_sc_hd__a21o_2)
                  0.05    0.21    3.15 v _142_/X (sky130_fd_sc_hd__a21o_2)
     1    0.01                           _071_ (net)
                  0.05    0.00    3.15 v _143_/B (sky130_fd_sc_hd__xor2_2)
                  0.17    0.18    3.33 ^ _143_/X (sky130_fd_sc_hd__xor2_2)
     2    0.01                           _072_ (net)
                  0.17    0.00    3.33 ^ _144_/B (sky130_fd_sc_hd__xnor2_2)
                  0.14    0.14    3.48 ^ _144_/Y (sky130_fd_sc_hd__xnor2_2)
     2    0.01                           _073_ (net)
                  0.14    0.00    3.48 ^ _145_/B1 (sky130_fd_sc_hd__o211ai_2)
                  0.12    0.16    3.64 v _145_/Y (sky130_fd_sc_hd__o211ai_2)
     5    0.01                           _074_ (net)
                  0.12    0.00    3.64 v _162_/A2 (sky130_fd_sc_hd__a21o_2)
                  0.03    0.24    3.88 v _162_/X (sky130_fd_sc_hd__a21o_2)
     1    0.00                           _090_ (net)
                  0.03    0.00    3.88 v _168_/A2 (sky130_fd_sc_hd__a31o_2)
                  0.11    0.32    4.20 v _168_/X (sky130_fd_sc_hd__a31o_2)
     1    0.03                           y[5] (net)
                  0.11    0.00    4.20 v y[5] (out)
                                  4.20   data arrival time

                  0.00   10.00   10.00   clock __VIRTUAL_CLK__ (rise edge)
                          0.00   10.00   clock network delay (ideal)
                         -0.25    9.75   clock uncertainty
                          0.00    9.75   clock reconvergence pessimism
                         -2.00    7.75   output external delay
                                  7.75   data required time
-----------------------------------------------------------------------------
                                  7.75   data required time
                                 -4.20   data arrival time
-----------------------------------------------------------------------------
                                  3.55   slack (MET)


Startpoint: sel[0] (input port clocked by __VIRTUAL_CLK__)
Endpoint: y[1] (output port clocked by __VIRTUAL_CLK__)
Path Group: __VIRTUAL_CLK__
Path Type: max

Fanout     Cap    Slew   Delay    Time   Description
-----------------------------------------------------------------------------
                  0.00    0.00    0.00   clock __VIRTUAL_CLK__ (rise edge)
                          0.00    0.00   clock network delay (ideal)
                          2.00    2.00 ^ input external delay
                  0.09    0.07    2.07 ^ sel[0] (in)
     5    0.02                           sel[0] (net)
                  0.09    0.00    2.07 ^ _101_/C_N (sky130_fd_sc_hd__or3b_2)
                  0.07    0.46    2.53 v _101_/X (sky130_fd_sc_hd__or3b_2)
     1    0.00                           _033_ (net)
                  0.07    0.00    2.53 v _102_/A (sky130_fd_sc_hd__buf_1)
                  0.16    0.22    2.74 v _102_/X (sky130_fd_sc_hd__buf_1)
     8    0.03                           _034_ (net)
                  0.16    0.00    2.74 v _103_/A2 (sky130_fd_sc_hd__a21bo_2)
                  0.04    0.27    3.01 v _103_/X (sky130_fd_sc_hd__a21bo_2)
     2    0.00                           _035_ (net)
                  0.04    0.00    3.01 v _105_/B (sky130_fd_sc_hd__and3_2)
                  0.05    0.21    3.22 v _105_/X (sky130_fd_sc_hd__and3_2)
     2    0.01                           _037_ (net)
                  0.05    0.00    3.22 v _107_/A (sky130_fd_sc_hd__or2b_2)
                  0.07    0.32    3.55 v _107_/X (sky130_fd_sc_hd__or2b_2)
     1    0.01                           _039_ (net)
                  0.07    0.00    3.55 v _109_/A (sky130_fd_sc_hd__xnor2_2)
                  0.04    0.14    3.69 v _109_/Y (sky130_fd_sc_hd__xnor2_2)
     1    0.00                           _041_ (net)
                  0.04    0.00    3.69 v _116_/A2 (sky130_fd_sc_hd__a211o_2)
                  0.13    0.44    4.13 v _116_/X (sky130_fd_sc_hd__a211o_2)
     1    0.03                           y[1] (net)
                  0.13    0.00    4.13 v y[1] (out)
                                  4.13   data arrival time

                  0.00   10.00   10.00   clock __VIRTUAL_CLK__ (rise edge)
                          0.00   10.00   clock network delay (ideal)
                         -0.25    9.75   clock uncertainty
                          0.00    9.75   clock reconvergence pessimism
                         -2.00    7.75   output external delay
                                  7.75   data required time
-----------------------------------------------------------------------------
                                  7.75   data required time
                                 -4.13   data arrival time
-----------------------------------------------------------------------------
                                  3.62   slack (MET)


Startpoint: sel[0] (input port clocked by __VIRTUAL_CLK__)
Endpoint: y[2] (output port clocked by __VIRTUAL_CLK__)
Path Group: __VIRTUAL_CLK__
Path Type: max

Fanout     Cap    Slew   Delay    Time   Description
-----------------------------------------------------------------------------
                  0.00    0.00    0.00   clock __VIRTUAL_CLK__ (rise edge)
                          0.00    0.00   clock network delay (ideal)
                          2.00    2.00 ^ input external delay
                  0.09    0.07    2.07 ^ sel[0] (in)
     5    0.02                           sel[0] (net)
                  0.09    0.00    2.07 ^ _101_/C_N (sky130_fd_sc_hd__or3b_2)
                  0.07    0.46    2.53 v _101_/X (sky130_fd_sc_hd__or3b_2)
     1    0.00                           _033_ (net)
                  0.07    0.00    2.53 v _102_/A (sky130_fd_sc_hd__buf_1)
                  0.16    0.22    2.74 v _102_/X (sky130_fd_sc_hd__buf_1)
     8    0.03                           _034_ (net)
                  0.16    0.00    2.74 v _103_/A2 (sky130_fd_sc_hd__a21bo_2)
                  0.04    0.27    3.01 v _103_/X (sky130_fd_sc_hd__a21bo_2)
     2    0.00                           _035_ (net)
                  0.04    0.00    3.01 v _106_/A1 (sky130_fd_sc_hd__a21o_2)
                  0.04    0.20    3.21 v _106_/X (sky130_fd_sc_hd__a21o_2)
     2    0.01                           _038_ (net)
                  0.04    0.00    3.21 v _117_/A1 (sky130_fd_sc_hd__a21oi_2)
                  0.13    0.15    3.37 ^ _117_/Y (sky130_fd_sc_hd__a21oi_2)
     2    0.01                           _048_ (net)
                  0.13    0.00    3.37 ^ _122_/A (sky130_fd_sc_hd__nor2_2)
                  0.06    0.09    3.46 v _122_/Y (sky130_fd_sc_hd__nor2_2)
     4    0.02                           _053_ (net)
                  0.06    0.00    3.46 v _128_/A1 (sky130_fd_sc_hd__o21bai_2)
                  0.40    0.38    3.84 ^ _128_/Y (sky130_fd_sc_hd__o21bai_2)
     1    0.03                           y[2] (net)
                  0.40    0.00    3.84 ^ y[2] (out)
                                  3.84   data arrival time

                  0.00   10.00   10.00   clock __VIRTUAL_CLK__ (rise edge)
                          0.00   10.00   clock network delay (ideal)
                         -0.25    9.75   clock uncertainty
                          0.00    9.75   clock reconvergence pessimism
                         -2.00    7.75   output external delay
                                  7.75   data required time
-----------------------------------------------------------------------------
                                  7.75   data required time
                                 -3.84   data arrival time
-----------------------------------------------------------------------------
                                  3.91   slack (MET)


Startpoint: sel[1] (input port clocked by __VIRTUAL_CLK__)
Endpoint: y[0] (output port clocked by __VIRTUAL_CLK__)
Path Group: __VIRTUAL_CLK__
Path Type: max

Fanout     Cap    Slew   Delay    Time   Description
-----------------------------------------------------------------------------
                  0.00    0.00    0.00   clock __VIRTUAL_CLK__ (rise edge)
                          0.00    0.00   clock network delay (ideal)
                          2.00    2.00 v input external delay
                  0.04    0.03    2.03 v sel[1] (in)
     7    0.02                           sel[1] (net)
                  0.04    0.00    2.03 v _093_/B_N (sky130_fd_sc_hd__nor2b_2)
                  0.09    0.22    2.25 v _093_/Y (sky130_fd_sc_hd__nor2b_2)
     9    0.03                           _026_ (net)
                  0.09    0.00    2.25 v _094_/B (sky130_fd_sc_hd__and2_2)
                  0.08    0.27    2.52 v _094_/X (sky130_fd_sc_hd__and2_2)
     8    0.02                           _027_ (net)
                  0.08    0.00    2.52 v _096_/B1 (sky130_fd_sc_hd__o22a_2)
                  0.03    0.21    2.74 v _096_/X (sky130_fd_sc_hd__o22a_2)
     1    0.00                           _029_ (net)
                  0.03    0.00    2.74 v _099_/B1 (sky130_fd_sc_hd__a311o_2)
                  0.13    0.47    3.21 v _099_/X (sky130_fd_sc_hd__a311o_2)
     1    0.03                           y[0] (net)
                  0.13    0.00    3.21 v y[0] (out)
                                  3.21   data arrival time

                  0.00   10.00   10.00   clock __VIRTUAL_CLK__ (rise edge)
                          0.00   10.00   clock network delay (ideal)
                         -0.25    9.75   clock uncertainty
                          0.00    9.75   clock reconvergence pessimism
                         -2.00    7.75   output external delay
                                  7.75   data required time
-----------------------------------------------------------------------------
                                  7.75   data required time
                                 -3.21   data arrival time
-----------------------------------------------------------------------------
                                  4.54   slack (MET)



max_report_end
checks_report

===========================================================================
report_checks -unconstrained
===========================================================================
======================= Typical Corner ===================================

Startpoint: sel[0] (input port clocked by __VIRTUAL_CLK__)
Endpoint: y[7] (output port clocked by __VIRTUAL_CLK__)
Path Group: __VIRTUAL_CLK__
Path Type: max

Fanout     Cap    Slew   Delay    Time   Description
-----------------------------------------------------------------------------
                  0.00    0.00    0.00   clock __VIRTUAL_CLK__ (rise edge)
                          0.00    0.00   clock network delay (ideal)
                          2.00    2.00 ^ input external delay
                  0.09    0.07    2.07 ^ sel[0] (in)
     5    0.02                           sel[0] (net)
                  0.09    0.00    2.07 ^ _101_/C_N (sky130_fd_sc_hd__or3b_2)
                  0.07    0.46    2.53 v _101_/X (sky130_fd_sc_hd__or3b_2)
     1    0.00                           _033_ (net)
                  0.07    0.00    2.53 v _102_/A (sky130_fd_sc_hd__buf_1)
                  0.16    0.22    2.74 v _102_/X (sky130_fd_sc_hd__buf_1)
     8    0.03                           _034_ (net)
                  0.16    0.00    2.74 v _129_/B1 (sky130_fd_sc_hd__o21a_2)
                  0.05    0.20    2.94 v _129_/X (sky130_fd_sc_hd__o21a_2)
     2    0.01                           _059_ (net)
                  0.05    0.00    2.94 v _142_/B1 (sky130_fd_sc_hd__a21o_2)
                  0.05    0.21    3.15 v _142_/X (sky130_fd_sc_hd__a21o_2)
     1    0.01                           _071_ (net)
                  0.05    0.00    3.15 v _143_/B (sky130_fd_sc_hd__xor2_2)
                  0.07    0.16    3.32 v _143_/X (sky130_fd_sc_hd__xor2_2)
     2    0.01                           _072_ (net)
                  0.07    0.00    3.32 v _154_/B (sky130_fd_sc_hd__or2_2)
                  0.07    0.32    3.64 v _154_/X (sky130_fd_sc_hd__or2_2)
     3    0.01                           _082_ (net)
                  0.07    0.00    3.64 v _169_/A (sky130_fd_sc_hd__and2_2)
                  0.04    0.19    3.83 v _169_/X (sky130_fd_sc_hd__and2_2)
     2    0.00                           _003_ (net)
                  0.04    0.00    3.83 v _175_/A2 (sky130_fd_sc_hd__a211o_2)
                  0.07    0.37    4.20 v _175_/X (sky130_fd_sc_hd__a211o_2)
     3    0.01                           _009_ (net)
                  0.07    0.00    4.20 v _189_/A2 (sky130_fd_sc_hd__a311o_2)
                  0.06    0.39    4.59 v _189_/X (sky130_fd_sc_hd__a311o_2)
     1    0.00                           _022_ (net)
                  0.06    0.00    4.59 v _193_/A2 (sky130_fd_sc_hd__o21ai_2)
                  0.40    0.36    4.95 ^ _193_/Y (sky130_fd_sc_hd__o21ai_2)
     1    0.03                           y[7] (net)
                  0.40    0.00    4.95 ^ y[7] (out)
                                  4.95   data arrival time

                  0.00   10.00   10.00   clock __VIRTUAL_CLK__ (rise edge)
                          0.00   10.00   clock network delay (ideal)
                         -0.25    9.75   clock uncertainty
                          0.00    9.75   clock reconvergence pessimism
                         -2.00    7.75   output external delay
                                  7.75   data required time
-----------------------------------------------------------------------------
                                  7.75   data required time
                                 -4.95   data arrival time
-----------------------------------------------------------------------------
                                  2.80   slack (MET)




===========================================================================
report_checks --slack_max -0.01
============================================================================
======================= Typical Corner ===================================

No paths found.


===========================================================================
 report_check_types -max_slew -max_cap -max_fanout -violators
============================================================================
======================= Typical Corner ===================================



===========================================================================
report_parasitic_annotation -report_unannotated
============================================================================
Found 120 unannotated drivers.
 a[0]
 a[1]
 a[2]
 a[3]
 a[4]
 a[5]
 a[6]
 a[7]
 b[0]
 b[1]
 b[2]
 b[3]
 b[4]
 b[5]
 b[6]
 b[7]
 sel[0]
 sel[1]
 sel[2]
 _093_/Y
 _094_/X
 _095_/Y
 _096_/X
 _097_/Y
 _098_/Y
 _099_/X
 _100_/Y
 _101_/X
 _102_/X
 _103_/X
 _104_/Y
 _105_/X
 _106_/X
 _107_/X
 _108_/X
 _109_/Y
 _110_/X
 _111_/X
 _112_/Y
 _113_/X
 _114_/Y
 _115_/X
 _116_/X
 _117_/Y
 _118_/X
 _119_/Y
 _120_/X
 _121_/Y
 _122_/Y
 _123_/X
 _124_/Y
 _125_/X
 _126_/Y
 _127_/X
 _128_/Y
 _129_/X
 _130_/Y
 _131_/Y
 _132_/X
 _133_/Y
 _134_/X
 _135_/Y
 _136_/Y
 _137_/X
 _138_/Y
 _139_/X
 _140_/X
 _141_/X
 _142_/X
 _143_/X
 _144_/Y
 _145_/Y
 _146_/X
 _147_/X
 _148_/Y
 _149_/X
 _150_/Y
 _151_/X
 _152_/X
 _153_/Y
 _154_/X
 _155_/Y
 _156_/X
 _157_/X
 _158_/X
 _159_/X
 _160_/Y
 _161_/Y
 _162_/X
 _163_/Y
 _164_/Y
 _165_/Y
 _166_/X
 _167_/X
 _168_/X
 _169_/X
 _170_/Y
 _171_/Y
 _172_/X
 _173_/X
 _174_/Y
 _175_/X
 _176_/X
 _177_/Y
 _178_/Y
 _179_/X
 _180_/Y
 _181_/X
 _182_/X
 _183_/X
 _184_/X
 _185_/Y
 _186_/X
 _187_/Y
 _188_/Y
 _189_/X
 _190_/X
 _191_/Y
 _192_/X
 _193_/Y
Found 0 partially unannotated drivers.

===========================================================================
max slew violation count 0
max fanout violation count 0
max cap violation count 0
============================================================================

===========================================================================
check_setup -verbose -unconstrained_endpoints -multiple_clock -no_clock -no_input_delay -loops -generated_clocks
===========================================================================
checks_report_end
power_report

===========================================================================
 report_power
============================================================================
======================= Typical Corner ===================================

Group                  Internal  Switching    Leakage      Total
                          Power      Power      Power      Power (Watts)
----------------------------------------------------------------
Sequential             0.00e+00   0.00e+00   0.00e+00   0.00e+00   0.0%
Combinational          2.62e-05   2.83e-05   4.29e-10   5.45e-05 100.0%
Macro                  0.00e+00   0.00e+00   0.00e+00   0.00e+00   0.0%
Pad                    0.00e+00   0.00e+00   0.00e+00   0.00e+00   0.0%
----------------------------------------------------------------
Total                  2.62e-05   2.83e-05   4.29e-10   5.45e-05 100.0%
                          48.1%      51.9%       0.0%

power_report_end
summary_report

===========================================================================
report_tns
============================================================================
tns 0.00

===========================================================================
report_wns
============================================================================
wns 0.00

===========================================================================
report_worst_slack -max (Setup)
============================================================================
worst slack 2.80

===========================================================================
report_worst_slack -min (Hold)
============================================================================
worst slack 4.06
summary_report_end
area_report

===========================================================================
report_design_area
============================================================================
Design area 961 u^2 55% utilization.
area_report_end
[WARNING] Did not save OpenROAD database!
Writing SDF to '/openlane/designs/alu/runs/RUN_2026.03.29_11.17.16/results/signoff/alu.sdf'…
