
===========================================================================
report_checks -path_delay min (Hold)
============================================================================
======================= Typical Corner ===================================

Startpoint: sel[1] (input port clocked by __VIRTUAL_CLK__)
Endpoint: y[7] (output port clocked by __VIRTUAL_CLK__)
Path Group: __VIRTUAL_CLK__
Path Type: min

Fanout     Cap    Slew   Delay    Time   Description
-----------------------------------------------------------------------------
                  0.00    0.00    0.00   clock __VIRTUAL_CLK__ (rise edge)
                          0.00    0.00   clock network delay (ideal)
                          2.00    2.00 ^ input external delay
                  0.09    0.06    2.06 ^ sel[1] (in)
     7    0.02                           sel[1] (net)
                  0.09    0.00    2.06 ^ _189_/B1 (sky130_fd_sc_hd__a311o_2)
                  0.04    0.11    2.17 ^ _189_/X (sky130_fd_sc_hd__a311o_2)
     1    0.00                           _022_ (net)
                  0.04    0.00    2.17 ^ _193_/A2 (sky130_fd_sc_hd__o21ai_2)
                  0.14    0.12    2.29 v _193_/Y (sky130_fd_sc_hd__o21ai_2)
     1    0.03                           y[7] (net)
                  0.14    0.00    2.29 v y[7] (out)
                                  2.29   data arrival time

                  0.00    0.00    0.00   clock __VIRTUAL_CLK__ (rise edge)
                          0.00    0.00   clock network delay (ideal)
                          0.25    0.25   clock uncertainty
                          0.00    0.25   clock reconvergence pessimism
                         -2.00   -1.75   output external delay
                                 -1.75   data required time
-----------------------------------------------------------------------------
                                 -1.75   data required time
                                 -2.29   data arrival time
-----------------------------------------------------------------------------
                                  4.04   slack (MET)


Startpoint: a[0] (input port clocked by __VIRTUAL_CLK__)
Endpoint: y[0] (output port clocked by __VIRTUAL_CLK__)
Path Group: __VIRTUAL_CLK__
Path Type: min

Fanout     Cap    Slew   Delay    Time   Description
-----------------------------------------------------------------------------
                  0.00    0.00    0.00   clock __VIRTUAL_CLK__ (rise edge)
                          0.00    0.00   clock network delay (ideal)
                          2.00    2.00 v input external delay
                  0.03    0.02    2.02 v a[0] (in)
     5    0.01                           a[0] (net)
                  0.03    0.00    2.02 v _098_/A (sky130_fd_sc_hd__nor2_2)
                  0.06    0.08    2.10 ^ _098_/Y (sky130_fd_sc_hd__nor2_2)
     1    0.00                           _031_ (net)
                  0.06    0.00    2.10 ^ _099_/C1 (sky130_fd_sc_hd__a311o_2)
                  0.18    0.20    2.30 ^ _099_/X (sky130_fd_sc_hd__a311o_2)
     1    0.03                           y[0] (net)
                  0.18    0.00    2.30 ^ y[0] (out)
                                  2.30   data arrival time

                  0.00    0.00    0.00   clock __VIRTUAL_CLK__ (rise edge)
                          0.00    0.00   clock network delay (ideal)
                          0.25    0.25   clock uncertainty
                          0.00    0.25   clock reconvergence pessimism
                         -2.00   -1.75   output external delay
                                 -1.75   data required time
-----------------------------------------------------------------------------
                                 -1.75   data required time
                                 -2.30   data arrival time
-----------------------------------------------------------------------------
                                  4.05   slack (MET)


Startpoint: b[1] (input port clocked by __VIRTUAL_CLK__)
Endpoint: y[1] (output port clocked by __VIRTUAL_CLK__)
Path Group: __VIRTUAL_CLK__
Path Type: min

Fanout     Cap    Slew   Delay    Time   Description
-----------------------------------------------------------------------------
                  0.00    0.00    0.00   clock __VIRTUAL_CLK__ (rise edge)
                          0.00    0.00   clock network delay (ideal)
                          2.00    2.00 ^ input external delay
                  0.07    0.05    2.05 ^ b[1] (in)
     6    0.01                           b[1] (net)
                  0.07    0.00    2.05 ^ _113_/A2 (sky130_fd_sc_hd__o22a_2)
                  0.03    0.12    2.17 ^ _113_/X (sky130_fd_sc_hd__o22a_2)
     1    0.00                           _045_ (net)
                  0.03    0.00    2.17 ^ _116_/B1 (sky130_fd_sc_hd__a211o_2)
                  0.16    0.18    2.34 ^ _116_/X (sky130_fd_sc_hd__a211o_2)
     1    0.03                           y[1] (net)
                  0.16    0.00    2.34 ^ y[1] (out)
                                  2.34   data arrival time

                  0.00    0.00    0.00   clock __VIRTUAL_CLK__ (rise edge)
                          0.00    0.00   clock network delay (ideal)
                          0.25    0.25   clock uncertainty
                          0.00    0.25   clock reconvergence pessimism
                         -2.00   -1.75   output external delay
                                 -1.75   data required time
-----------------------------------------------------------------------------
                                 -1.75   data required time
                                 -2.34   data arrival time
-----------------------------------------------------------------------------
                                  4.09   slack (MET)


Startpoint: sel[1] (input port clocked by __VIRTUAL_CLK__)
Endpoint: y[4] (output port clocked by __VIRTUAL_CLK__)
Path Group: __VIRTUAL_CLK__
Path Type: min

Fanout     Cap    Slew   Delay    Time   Description
-----------------------------------------------------------------------------
                  0.00    0.00    0.00   clock __VIRTUAL_CLK__ (rise edge)
                          0.00    0.00   clock network delay (ideal)
                          2.00    2.00 ^ input external delay
                  0.09    0.06    2.06 ^ sel[1] (in)
     7    0.02                           sel[1] (net)
                  0.09    0.00    2.06 ^ _100_/B (sky130_fd_sc_hd__nor2_2)
                  0.04    0.06    2.11 v _100_/Y (sky130_fd_sc_hd__nor2_2)
     6    0.01                           _032_ (net)
                  0.04    0.00    2.11 v _152_/A1 (sky130_fd_sc_hd__a31o_2)
                  0.10    0.26    2.37 v _152_/X (sky130_fd_sc_hd__a31o_2)
     1    0.03                           y[4] (net)
                  0.10    0.00    2.37 v y[4] (out)
                                  2.37   data arrival time

                  0.00    0.00    0.00   clock __VIRTUAL_CLK__ (rise edge)
                          0.00    0.00   clock network delay (ideal)
                          0.25    0.25   clock uncertainty
                          0.00    0.25   clock reconvergence pessimism
                         -2.00   -1.75   output external delay
                                 -1.75   data required time
-----------------------------------------------------------------------------
                                 -1.75   data required time
                                 -2.37   data arrival time
-----------------------------------------------------------------------------
                                  4.12   slack (MET)


Startpoint: sel[1] (input port clocked by __VIRTUAL_CLK__)
Endpoint: y[5] (output port clocked by __VIRTUAL_CLK__)
Path Group: __VIRTUAL_CLK__
Path Type: min

Fanout     Cap    Slew   Delay    Time   Description
-----------------------------------------------------------------------------
                  0.00    0.00    0.00   clock __VIRTUAL_CLK__ (rise edge)
                          0.00    0.00   clock network delay (ideal)
                          2.00    2.00 ^ input external delay
                  0.09    0.06    2.06 ^ sel[1] (in)
     7    0.02                           sel[1] (net)
                  0.09    0.00    2.06 ^ _100_/B (sky130_fd_sc_hd__nor2_2)
                  0.04    0.06    2.11 v _100_/Y (sky130_fd_sc_hd__nor2_2)
     6    0.01                           _032_ (net)
                  0.04    0.00    2.11 v _168_/A1 (sky130_fd_sc_hd__a31o_2)
                  0.10    0.26    2.37 v _168_/X (sky130_fd_sc_hd__a31o_2)
     1    0.03                           y[5] (net)
                  0.10    0.00    2.37 v y[5] (out)
                                  2.37   data arrival time

                  0.00    0.00    0.00   clock __VIRTUAL_CLK__ (rise edge)
                          0.00    0.00   clock network delay (ideal)
                          0.25    0.25   clock uncertainty
                          0.00    0.25   clock reconvergence pessimism
                         -2.00   -1.75   output external delay
                                 -1.75   data required time
-----------------------------------------------------------------------------
                                 -1.75   data required time
                                 -2.37   data arrival time
-----------------------------------------------------------------------------
                                  4.12   slack (MET)


Startpoint: sel[1] (input port clocked by __VIRTUAL_CLK__)
Endpoint: y[6] (output port clocked by __VIRTUAL_CLK__)
Path Group: __VIRTUAL_CLK__
Path Type: min

Fanout     Cap    Slew   Delay    Time   Description
-----------------------------------------------------------------------------
                  0.00    0.00    0.00   clock __VIRTUAL_CLK__ (rise edge)
                          0.00    0.00   clock network delay (ideal)
                          2.00    2.00 ^ input external delay
                  0.09    0.06    2.06 ^ sel[1] (in)
     7    0.02                           sel[1] (net)
                  0.09    0.00    2.06 ^ _100_/B (sky130_fd_sc_hd__nor2_2)
                  0.04    0.06    2.11 v _100_/Y (sky130_fd_sc_hd__nor2_2)
     6    0.01                           _032_ (net)
                  0.04    0.00    2.11 v _182_/A1 (sky130_fd_sc_hd__a31o_2)
                  0.10    0.26    2.37 v _182_/X (sky130_fd_sc_hd__a31o_2)
     1    0.03                           y[6] (net)
                  0.10    0.00    2.37 v y[6] (out)
                                  2.37   data arrival time

                  0.00    0.00    0.00   clock __VIRTUAL_CLK__ (rise edge)
                          0.00    0.00   clock network delay (ideal)
                          0.25    0.25   clock uncertainty
                          0.00    0.25   clock reconvergence pessimism
                         -2.00   -1.75   output external delay
                                 -1.75   data required time
-----------------------------------------------------------------------------
                                 -1.75   data required time
                                 -2.37   data arrival time
-----------------------------------------------------------------------------
                                  4.12   slack (MET)


Startpoint: b[3] (input port clocked by __VIRTUAL_CLK__)
Endpoint: y[3] (output port clocked by __VIRTUAL_CLK__)
Path Group: __VIRTUAL_CLK__
Path Type: min

Fanout     Cap    Slew   Delay    Time   Description
-----------------------------------------------------------------------------
                  0.00    0.00    0.00   clock __VIRTUAL_CLK__ (rise edge)
                          0.00    0.00   clock network delay (ideal)
                          2.00    2.00 ^ input external delay
                  0.12    0.07    2.07 ^ b[3] (in)
     6    0.02                           b[3] (net)
                  0.12    0.00    2.07 ^ _139_/A2 (sky130_fd_sc_hd__o22a_2)
                  0.03    0.13    2.21 ^ _139_/X (sky130_fd_sc_hd__o22a_2)
     1    0.00                           _069_ (net)
                  0.03    0.00    2.21 ^ _140_/C1 (sky130_fd_sc_hd__a211o_2)
                  0.16    0.17    2.38 ^ _140_/X (sky130_fd_sc_hd__a211o_2)
     1    0.03                           y[3] (net)
                  0.16    0.00    2.38 ^ y[3] (out)
                                  2.38   data arrival time

                  0.00    0.00    0.00   clock __VIRTUAL_CLK__ (rise edge)
                          0.00    0.00   clock network delay (ideal)
                          0.25    0.25   clock uncertainty
                          0.00    0.25   clock reconvergence pessimism
                         -2.00   -1.75   output external delay
                                 -1.75   data required time
-----------------------------------------------------------------------------
                                 -1.75   data required time
                                 -2.38   data arrival time
-----------------------------------------------------------------------------
                                  4.13   slack (MET)


Startpoint: a[2] (input port clocked by __VIRTUAL_CLK__)
Endpoint: y[2] (output port clocked by __VIRTUAL_CLK__)
Path Group: __VIRTUAL_CLK__
Path Type: min

Fanout     Cap    Slew   Delay    Time   Description
-----------------------------------------------------------------------------
                  0.00    0.00    0.00   clock __VIRTUAL_CLK__ (rise edge)
                          0.00    0.00   clock network delay (ideal)
                          2.00    2.00 v input external delay
                  0.06    0.04    2.04 v a[2] (in)
     7    0.03                           a[2] (net)
                  0.06    0.00    2.04 v _126_/A (sky130_fd_sc_hd__nor2_2)
                  0.06    0.09    2.13 ^ _126_/Y (sky130_fd_sc_hd__nor2_2)
     1    0.00                           _057_ (net)
                  0.06    0.00    2.13 ^ _127_/C1 (sky130_fd_sc_hd__a311o_2)
                  0.02    0.09    2.21 ^ _127_/X (sky130_fd_sc_hd__a311o_2)
     1    0.00                           _058_ (net)
                  0.02    0.00    2.21 ^ _128_/B1_N (sky130_fd_sc_hd__o21bai_2)
                  0.19    0.19    2.40 ^ _128_/Y (sky130_fd_sc_hd__o21bai_2)
     1    0.03                           y[2] (net)
                  0.19    0.00    2.40 ^ y[2] (out)
                                  2.40   data arrival time

                  0.00    0.00    0.00   clock __VIRTUAL_CLK__ (rise edge)
                          0.00    0.00   clock network delay (ideal)
                          0.25    0.25   clock uncertainty
                          0.00    0.25   clock reconvergence pessimism
                         -2.00   -1.75   output external delay
                                 -1.75   data required time
-----------------------------------------------------------------------------
                                 -1.75   data required time
                                 -2.40   data arrival time
-----------------------------------------------------------------------------
                                  4.15   slack (MET)



